03-Aug-2024 23:04:13.031 INFO [main] org.apache.catalina.startup.VersionLoggerListener.log Server version name:   Apache Tomcat/9.0.91
03-Aug-2024 23:04:13.036 INFO [main] org.apache.catalina.startup.VersionLoggerListener.log Server built:          Jul 2 2024 12:35:51 UTC
03-Aug-2024 23:04:13.036 INFO [main] org.apache.catalina.startup.VersionLoggerListener.log Server version number: 9.0.91.0
03-Aug-2024 23:04:13.036 INFO [main] org.apache.catalina.startup.VersionLoggerListener.log OS Name:               Windows 11
03-Aug-2024 23:04:13.036 INFO [main] org.apache.catalina.startup.VersionLoggerListener.log OS Version:            10.0
03-Aug-2024 23:04:13.036 INFO [main] org.apache.catalina.startup.VersionLoggerListener.log Architecture:          amd64
03-Aug-2024 23:04:13.036 INFO [main] org.apache.catalina.startup.VersionLoggerListener.log Java Home:             C:\Program Files\Java\jdk-22
03-Aug-2024 23:04:13.036 INFO [main] org.apache.catalina.startup.VersionLoggerListener.log JVM Version:           22.0.2+9-70
03-Aug-2024 23:04:13.036 INFO [main] org.apache.catalina.startup.VersionLoggerListener.log JVM Vendor:            Oracle Corporation
03-Aug-2024 23:04:13.036 INFO [main] org.apache.catalina.startup.VersionLoggerListener.log CATALINA_BASE:         C:\Users\yohn\Desktop\Portafolio\Java\apache-tomcat-9.0.91-windows-x64\apache-tomcat-9.0.91
03-Aug-2024 23:04:13.037 INFO [main] org.apache.catalina.startup.VersionLoggerListener.log CATALINA_HOME:         C:\Users\yohn\Desktop\Portafolio\Java\apache-tomcat-9.0.91-windows-x64\apache-tomcat-9.0.91
03-Aug-2024 23:04:13.048 INFO [main] org.apache.catalina.startup.VersionLoggerListener.log Command line argument: --add-opens=java.base/java.lang=ALL-UNNAMED
03-Aug-2024 23:04:13.048 INFO [main] org.apache.catalina.startup.VersionLoggerListener.log Command line argument: --add-opens=java.base/java.io=ALL-UNNAMED
03-Aug-2024 23:04:13.049 INFO [main] org.apache.catalina.startup.VersionLoggerListener.log Command line argument: --add-opens=java.base/java.util=ALL-UNNAMED
03-Aug-2024 23:04:13.049 INFO [main] org.apache.catalina.startup.VersionLoggerListener.log Command line argument: --add-opens=java.base/java.util.concurrent=ALL-UNNAMED
03-Aug-2024 23:04:13.049 INFO [main] org.apache.catalina.startup.VersionLoggerListener.log Command line argument: --add-opens=java.rmi/sun.rmi.transport=ALL-UNNAMED
03-Aug-2024 23:04:13.049 INFO [main] org.apache.catalina.startup.VersionLoggerListener.log Command line argument: -Djava.util.logging.config.file=C:\Users\yohn\Desktop\Portafolio\Java\apache-tomcat-9.0.91-windows-x64\apache-tomcat-9.0.91\conf\logging.properties
03-Aug-2024 23:04:13.049 INFO [main] org.apache.catalina.startup.VersionLoggerListener.log Command line argument: -Djava.util.logging.manager=org.apache.juli.ClassLoaderLogManager
03-Aug-2024 23:04:13.049 INFO [main] org.apache.catalina.startup.VersionLoggerListener.log Command line argument: -Djdk.tls.ephemeralDHKeySize=2048
03-Aug-2024 23:04:13.049 INFO [main] org.apache.catalina.startup.VersionLoggerListener.log Command line argument: -Djava.protocol.handler.pkgs=org.apache.catalina.webresources
03-Aug-2024 23:04:13.049 INFO [main] org.apache.catalina.startup.VersionLoggerListener.log Command line argument: -Dignore.endorsed.dirs=
03-Aug-2024 23:04:13.049 INFO [main] org.apache.catalina.startup.VersionLoggerListener.log Command line argument: -Dcatalina.base=C:\Users\yohn\Desktop\Portafolio\Java\apache-tomcat-9.0.91-windows-x64\apache-tomcat-9.0.91
03-Aug-2024 23:04:13.049 INFO [main] org.apache.catalina.startup.VersionLoggerListener.log Command line argument: -Dcatalina.home=C:\Users\yohn\Desktop\Portafolio\Java\apache-tomcat-9.0.91-windows-x64\apache-tomcat-9.0.91
03-Aug-2024 23:04:13.049 INFO [main] org.apache.catalina.startup.VersionLoggerListener.log Command line argument: -Djava.io.tmpdir=C:\Users\yohn\Desktop\Portafolio\Java\apache-tomcat-9.0.91-windows-x64\apache-tomcat-9.0.91\temp
03-Aug-2024 23:04:13.057 INFO [main] org.apache.catalina.core.AprLifecycleListener.lifecycleEvent Loaded Apache Tomcat Native library [1.3.0] using APR version [1.7.4].
03-Aug-2024 23:04:13.060 INFO [main] org.apache.catalina.core.AprLifecycleListener.lifecycleEvent APR capabilities: IPv6 [true], sendfile [true], accept filters [false], random [true], UDS [true].
03-Aug-2024 23:04:13.060 INFO [main] org.apache.catalina.core.AprLifecycleListener.lifecycleEvent APR/OpenSSL configuration: useAprConnector [false], useOpenSSL [true]
03-Aug-2024 23:04:13.081 INFO [main] org.apache.catalina.core.AprLifecycleListener.initializeSSL OpenSSL successfully initialized [OpenSSL 3.0.13 30 Jan 2024]
03-Aug-2024 23:04:13.945 INFO [main] org.apache.coyote.AbstractProtocol.init Initializing ProtocolHandler ["http-nio-8080"]
03-Aug-2024 23:04:13.993 INFO [main] org.apache.catalina.startup.Catalina.load Server initialization in [1247] milliseconds
03-Aug-2024 23:04:14.101 INFO [main] org.apache.catalina.core.StandardService.startInternal Starting service [Catalina]
03-Aug-2024 23:04:14.102 INFO [main] org.apache.catalina.core.StandardEngine.startInternal Starting Servlet engine: [Apache Tomcat/9.0.91]
03-Aug-2024 23:04:14.116 INFO [main] org.apache.catalina.startup.HostConfig.deployDescriptor Deploying deployment descriptor [C:\Users\yohn\Desktop\Portafolio\Java\apache-tomcat-9.0.91-windows-x64\apache-tomcat-9.0.91\conf\Catalina\localhost\CrudMySQL.xml]
03-Aug-2024 23:04:14.135 WARNING [main] org.apache.catalina.startup.HostConfig.deployDescriptor The path attribute with value [/CrudMySQL] in deployment descriptor [C:\Users\yohn\Desktop\Portafolio\Java\apache-tomcat-9.0.91-windows-x64\apache-tomcat-9.0.91\conf\Catalina\localhost\CrudMySQL.xml] has been ignored
03-Aug-2024 23:04:15.364 INFO [main] org.apache.jasper.servlet.TldScanner.scanJars At least one JAR was scanned for TLDs yet contained no TLDs. Enable debug logging for this logger for a complete list of JARs that were scanned but no TLDs were found in them. Skipping unneeded JARs during scanning can improve startup time and JSP compilation time.
03-Aug-2024 23:04:15.431 INFO [main] org.apache.catalina.startup.HostConfig.deployDescriptor Deployment of deployment descriptor [C:\Users\yohn\Desktop\Portafolio\Java\apache-tomcat-9.0.91-windows-x64\apache-tomcat-9.0.91\conf\Catalina\localhost\CrudMySQL.xml] has finished in [1,314] ms
03-Aug-2024 23:04:15.432 INFO [main] org.apache.catalina.startup.HostConfig.deployDirectory Deploying web application directory [C:\Users\yohn\Desktop\Portafolio\Java\apache-tomcat-9.0.91-windows-x64\apache-tomcat-9.0.91\webapps\docs]
03-Aug-2024 23:04:15.483 INFO [main] org.apache.catalina.startup.HostConfig.deployDirectory Deployment of web application directory [C:\Users\yohn\Desktop\Portafolio\Java\apache-tomcat-9.0.91-windows-x64\apache-tomcat-9.0.91\webapps\docs] has finished in [51] ms
03-Aug-2024 23:04:15.483 INFO [main] org.apache.catalina.startup.HostConfig.deployDirectory Deploying web application directory [C:\Users\yohn\Desktop\Portafolio\Java\apache-tomcat-9.0.91-windows-x64\apache-tomcat-9.0.91\webapps\examples]
03-Aug-2024 23:04:16.141 INFO [main] org.apache.catalina.startup.HostConfig.deployDirectory Deployment of web application directory [C:\Users\yohn\Desktop\Portafolio\Java\apache-tomcat-9.0.91-windows-x64\apache-tomcat-9.0.91\webapps\examples] has finished in [658] ms
03-Aug-2024 23:04:16.141 INFO [main] org.apache.catalina.startup.HostConfig.deployDirectory Deploying web application directory [C:\Users\yohn\Desktop\Portafolio\Java\apache-tomcat-9.0.91-windows-x64\apache-tomcat-9.0.91\webapps\host-manager]
03-Aug-2024 23:04:16.207 INFO [main] org.apache.catalina.startup.HostConfig.deployDirectory Deployment of web application directory [C:\Users\yohn\Desktop\Portafolio\Java\apache-tomcat-9.0.91-windows-x64\apache-tomcat-9.0.91\webapps\host-manager] has finished in [65] ms
03-Aug-2024 23:04:16.207 INFO [main] org.apache.catalina.startup.HostConfig.deployDirectory Deploying web application directory [C:\Users\yohn\Desktop\Portafolio\Java\apache-tomcat-9.0.91-windows-x64\apache-tomcat-9.0.91\webapps\manager]
03-Aug-2024 23:04:16.268 INFO [main] org.apache.catalina.startup.HostConfig.deployDirectory Deployment of web application directory [C:\Users\yohn\Desktop\Portafolio\Java\apache-tomcat-9.0.91-windows-x64\apache-tomcat-9.0.91\webapps\manager] has finished in [60] ms
03-Aug-2024 23:04:16.268 INFO [main] org.apache.catalina.startup.HostConfig.deployDirectory Deploying web application directory [C:\Users\yohn\Desktop\Portafolio\Java\apache-tomcat-9.0.91-windows-x64\apache-tomcat-9.0.91\webapps\ROOT]
03-Aug-2024 23:04:16.304 INFO [main] org.apache.catalina.startup.HostConfig.deployDirectory Deployment of web application directory [C:\Users\yohn\Desktop\Portafolio\Java\apache-tomcat-9.0.91-windows-x64\apache-tomcat-9.0.91\webapps\ROOT] has finished in [36] ms
03-Aug-2024 23:04:16.310 INFO [main] org.apache.coyote.AbstractProtocol.start Starting ProtocolHandler ["http-nio-8080"]
03-Aug-2024 23:04:16.339 INFO [main] org.apache.catalina.startup.Catalina.start Server startup in [2343] milliseconds
03-Aug-2024 23:04:19.158 INFO [http-nio-8080-exec-10] org.apache.catalina.startup.HostConfig.undeploy Undeploying context [/CrudMySQL]
03-Aug-2024 23:04:19.232 INFO [http-nio-8080-exec-2] org.apache.catalina.startup.HostConfig.deployDescriptor Deploying deployment descriptor [C:\Users\yohn\Desktop\Portafolio\Java\apache-tomcat-9.0.91-windows-x64\apache-tomcat-9.0.91\conf\Catalina\localhost\CrudMySQL.xml]
03-Aug-2024 23:04:19.233 WARNING [http-nio-8080-exec-2] org.apache.catalina.startup.HostConfig.deployDescriptor The path attribute with value [/CrudMySQL] in deployment descriptor [C:\Users\yohn\Desktop\Portafolio\Java\apache-tomcat-9.0.91-windows-x64\apache-tomcat-9.0.91\conf\Catalina\localhost\CrudMySQL.xml] has been ignored
03-Aug-2024 23:04:20.088 INFO [http-nio-8080-exec-2] org.apache.jasper.servlet.TldScanner.scanJars At least one JAR was scanned for TLDs yet contained no TLDs. Enable debug logging for this logger for a complete list of JARs that were scanned but no TLDs were found in them. Skipping unneeded JARs during scanning can improve startup time and JSP compilation time.
03-Aug-2024 23:04:20.093 INFO [http-nio-8080-exec-2] org.apache.catalina.startup.HostConfig.deployDescriptor Deployment of deployment descriptor [C:\Users\yohn\Desktop\Portafolio\Java\apache-tomcat-9.0.91-windows-x64\apache-tomcat-9.0.91\conf\Catalina\localhost\CrudMySQL.xml] has finished in [861] ms
03-Aug-2024 23:04:20.097 INFO [http-nio-8080-exec-7] org.apache.catalina.util.LifecycleBase.start The start() method was called on component [StandardEngine[Catalina].StandardHost[localhost].StandardContext[/CrudMySQL]] after start() had already been called. The second call will be ignored.
03-Aug-2024 23:08:20.941 INFO [main] org.apache.catalina.core.StandardServer.await A valid shutdown command was received via the shutdown port. Stopping the Server instance.
03-Aug-2024 23:08:20.942 INFO [main] org.apache.coyote.AbstractProtocol.pause Pausing ProtocolHandler ["http-nio-8080"]
03-Aug-2024 23:08:20.945 INFO [main] org.apache.catalina.core.StandardService.stopInternal Stopping service [Catalina]
03-Aug-2024 23:08:20.962 WARNING [main] org.apache.catalina.loader.WebappClassLoaderBase.clearReferencesJdbc The web application [CrudMySQL] registered the JDBC driver [com.mysql.cj.jdbc.Driver] but failed to unregister it when the web application was stopped. To prevent a memory leak, the JDBC Driver has been forcibly unregistered.
03-Aug-2024 23:08:20.963 WARNING [main] org.apache.catalina.loader.WebappClassLoaderBase.clearReferencesThreads The web application [CrudMySQL] appears to have started a thread named [mysql-cj-abandoned-connection-cleanup] but has failed to stop it. This is very likely to create a memory leak. Stack trace of thread:
 java.base/jdk.internal.misc.Unsafe.park(Native Method)
 java.base/java.util.concurrent.locks.LockSupport.parkNanos(LockSupport.java:269)
 java.base/java.util.concurrent.locks.AbstractQueuedSynchronizer$ConditionObject.await(AbstractQueuedSynchronizer.java:1847)
 java.base/java.lang.ref.ReferenceQueue.await(ReferenceQueue.java:71)
 java.base/java.lang.ref.ReferenceQueue.remove0(ReferenceQueue.java:143)
 java.base/java.lang.ref.ReferenceQueue.remove(ReferenceQueue.java:218)
 com.mysql.cj.jdbc.AbandonedConnectionCleanupThread.run(AbandonedConnectionCleanupThread.java:84)
 java.base/java.util.concurrent.ThreadPoolExecutor.runWorker(ThreadPoolExecutor.java:1144)
 java.base/java.util.concurrent.ThreadPoolExecutor$Worker.run(ThreadPoolExecutor.java:642)
 java.base/java.lang.Thread.run(Thread.java:1570)
03-Aug-2024 23:08:20.969 INFO [main] org.apache.coyote.AbstractProtocol.stop Stopping ProtocolHandler ["http-nio-8080"]
03-Aug-2024 23:08:20.978 INFO [main] org.apache.coyote.AbstractProtocol.destroy Destroying ProtocolHandler ["http-nio-8080"]
