31-Jul-2024 20:09:37.620 INFO [main] org.apache.catalina.startup.VersionLoggerListener.log Server version name:   Apache Tomcat/9.0.91
31-Jul-2024 20:09:37.625 INFO [main] org.apache.catalina.startup.VersionLoggerListener.log Server built:          Jul 2 2024 12:35:51 UTC
31-Jul-2024 20:09:37.625 INFO [main] org.apache.catalina.startup.VersionLoggerListener.log Server version number: 9.0.91.0
31-Jul-2024 20:09:37.625 INFO [main] org.apache.catalina.startup.VersionLoggerListener.log OS Name:               Windows 11
31-Jul-2024 20:09:37.625 INFO [main] org.apache.catalina.startup.VersionLoggerListener.log OS Version:            10.0
31-Jul-2024 20:09:37.625 INFO [main] org.apache.catalina.startup.VersionLoggerListener.log Architecture:          amd64
31-Jul-2024 20:09:37.626 INFO [main] org.apache.catalina.startup.VersionLoggerListener.log Java Home:             C:\Program Files\Java\jdk-22
31-Jul-2024 20:09:37.626 INFO [main] org.apache.catalina.startup.VersionLoggerListener.log JVM Version:           22.0.2+9-70
31-Jul-2024 20:09:37.626 INFO [main] org.apache.catalina.startup.VersionLoggerListener.log JVM Vendor:            Oracle Corporation
31-Jul-2024 20:09:37.626 INFO [main] org.apache.catalina.startup.VersionLoggerListener.log CATALINA_BASE:         C:\Users\yohn\Desktop\Portafolio\Java\apache-tomcat-9.0.91-windows-x64\apache-tomcat-9.0.91
31-Jul-2024 20:09:37.626 INFO [main] org.apache.catalina.startup.VersionLoggerListener.log CATALINA_HOME:         C:\Users\yohn\Desktop\Portafolio\Java\apache-tomcat-9.0.91-windows-x64\apache-tomcat-9.0.91
31-Jul-2024 20:09:37.636 INFO [main] org.apache.catalina.startup.VersionLoggerListener.log Command line argument: --add-opens=java.base/java.lang=ALL-UNNAMED
31-Jul-2024 20:09:37.636 INFO [main] org.apache.catalina.startup.VersionLoggerListener.log Command line argument: --add-opens=java.base/java.io=ALL-UNNAMED
31-Jul-2024 20:09:37.637 INFO [main] org.apache.catalina.startup.VersionLoggerListener.log Command line argument: --add-opens=java.base/java.util=ALL-UNNAMED
31-Jul-2024 20:09:37.637 INFO [main] org.apache.catalina.startup.VersionLoggerListener.log Command line argument: --add-opens=java.base/java.util.concurrent=ALL-UNNAMED
31-Jul-2024 20:09:37.637 INFO [main] org.apache.catalina.startup.VersionLoggerListener.log Command line argument: --add-opens=java.rmi/sun.rmi.transport=ALL-UNNAMED
31-Jul-2024 20:09:37.637 INFO [main] org.apache.catalina.startup.VersionLoggerListener.log Command line argument: -Djava.util.logging.config.file=C:\Users\yohn\Desktop\Portafolio\Java\apache-tomcat-9.0.91-windows-x64\apache-tomcat-9.0.91\conf\logging.properties
31-Jul-2024 20:09:37.637 INFO [main] org.apache.catalina.startup.VersionLoggerListener.log Command line argument: -Djava.util.logging.manager=org.apache.juli.ClassLoaderLogManager
31-Jul-2024 20:09:37.637 INFO [main] org.apache.catalina.startup.VersionLoggerListener.log Command line argument: -Djdk.tls.ephemeralDHKeySize=2048
31-Jul-2024 20:09:37.637 INFO [main] org.apache.catalina.startup.VersionLoggerListener.log Command line argument: -Djava.protocol.handler.pkgs=org.apache.catalina.webresources
31-Jul-2024 20:09:37.637 INFO [main] org.apache.catalina.startup.VersionLoggerListener.log Command line argument: -Dignore.endorsed.dirs=
31-Jul-2024 20:09:37.637 INFO [main] org.apache.catalina.startup.VersionLoggerListener.log Command line argument: -Dcatalina.base=C:\Users\yohn\Desktop\Portafolio\Java\apache-tomcat-9.0.91-windows-x64\apache-tomcat-9.0.91
31-Jul-2024 20:09:37.637 INFO [main] org.apache.catalina.startup.VersionLoggerListener.log Command line argument: -Dcatalina.home=C:\Users\yohn\Desktop\Portafolio\Java\apache-tomcat-9.0.91-windows-x64\apache-tomcat-9.0.91
31-Jul-2024 20:09:37.637 INFO [main] org.apache.catalina.startup.VersionLoggerListener.log Command line argument: -Djava.io.tmpdir=C:\Users\yohn\Desktop\Portafolio\Java\apache-tomcat-9.0.91-windows-x64\apache-tomcat-9.0.91\temp
31-Jul-2024 20:09:37.644 INFO [main] org.apache.catalina.core.AprLifecycleListener.lifecycleEvent Loaded Apache Tomcat Native library [1.3.0] using APR version [1.7.4].
31-Jul-2024 20:09:37.712 INFO [main] org.apache.catalina.core.AprLifecycleListener.lifecycleEvent APR capabilities: IPv6 [true], sendfile [true], accept filters [false], random [true], UDS [true].
31-Jul-2024 20:09:37.712 INFO [main] org.apache.catalina.core.AprLifecycleListener.lifecycleEvent APR/OpenSSL configuration: useAprConnector [false], useOpenSSL [true]
31-Jul-2024 20:09:37.725 INFO [main] org.apache.catalina.core.AprLifecycleListener.initializeSSL OpenSSL successfully initialized [OpenSSL 3.0.13 30 Jan 2024]
31-Jul-2024 20:09:38.085 INFO [main] org.apache.coyote.AbstractProtocol.init Initializing ProtocolHandler ["http-nio-8080"]
31-Jul-2024 20:09:38.120 INFO [main] org.apache.catalina.startup.Catalina.load Server initialization in [742] milliseconds
31-Jul-2024 20:09:38.237 INFO [main] org.apache.catalina.core.StandardService.startInternal Starting service [Catalina]
31-Jul-2024 20:09:38.237 INFO [main] org.apache.catalina.core.StandardEngine.startInternal Starting Servlet engine: [Apache Tomcat/9.0.91]
31-Jul-2024 20:09:38.254 INFO [main] org.apache.catalina.startup.HostConfig.deployDirectory Deploying web application directory [C:\Users\yohn\Desktop\Portafolio\Java\apache-tomcat-9.0.91-windows-x64\apache-tomcat-9.0.91\webapps\docs]
31-Jul-2024 20:09:38.628 INFO [main] org.apache.catalina.startup.HostConfig.deployDirectory Deployment of web application directory [C:\Users\yohn\Desktop\Portafolio\Java\apache-tomcat-9.0.91-windows-x64\apache-tomcat-9.0.91\webapps\docs] has finished in [374] ms
31-Jul-2024 20:09:38.629 INFO [main] org.apache.catalina.startup.HostConfig.deployDirectory Deploying web application directory [C:\Users\yohn\Desktop\Portafolio\Java\apache-tomcat-9.0.91-windows-x64\apache-tomcat-9.0.91\webapps\examples]
31-Jul-2024 20:09:39.407 INFO [main] org.apache.catalina.startup.HostConfig.deployDirectory Deployment of web application directory [C:\Users\yohn\Desktop\Portafolio\Java\apache-tomcat-9.0.91-windows-x64\apache-tomcat-9.0.91\webapps\examples] has finished in [779] ms
31-Jul-2024 20:09:39.407 INFO [main] org.apache.catalina.startup.HostConfig.deployDirectory Deploying web application directory [C:\Users\yohn\Desktop\Portafolio\Java\apache-tomcat-9.0.91-windows-x64\apache-tomcat-9.0.91\webapps\host-manager]
31-Jul-2024 20:09:39.469 INFO [main] org.apache.catalina.startup.HostConfig.deployDirectory Deployment of web application directory [C:\Users\yohn\Desktop\Portafolio\Java\apache-tomcat-9.0.91-windows-x64\apache-tomcat-9.0.91\webapps\host-manager] has finished in [62] ms
31-Jul-2024 20:09:39.469 INFO [main] org.apache.catalina.startup.HostConfig.deployDirectory Deploying web application directory [C:\Users\yohn\Desktop\Portafolio\Java\apache-tomcat-9.0.91-windows-x64\apache-tomcat-9.0.91\webapps\manager]
31-Jul-2024 20:09:39.542 INFO [main] org.apache.catalina.startup.HostConfig.deployDirectory Deployment of web application directory [C:\Users\yohn\Desktop\Portafolio\Java\apache-tomcat-9.0.91-windows-x64\apache-tomcat-9.0.91\webapps\manager] has finished in [73] ms
31-Jul-2024 20:09:39.542 INFO [main] org.apache.catalina.startup.HostConfig.deployDirectory Deploying web application directory [C:\Users\yohn\Desktop\Portafolio\Java\apache-tomcat-9.0.91-windows-x64\apache-tomcat-9.0.91\webapps\ROOT]
31-Jul-2024 20:09:39.582 INFO [main] org.apache.catalina.startup.HostConfig.deployDirectory Deployment of web application directory [C:\Users\yohn\Desktop\Portafolio\Java\apache-tomcat-9.0.91-windows-x64\apache-tomcat-9.0.91\webapps\ROOT] has finished in [40] ms
31-Jul-2024 20:09:39.587 INFO [main] org.apache.coyote.AbstractProtocol.start Starting ProtocolHandler ["http-nio-8080"]
31-Jul-2024 20:09:39.614 INFO [main] org.apache.catalina.startup.Catalina.start Server startup in [1491] milliseconds
31-Jul-2024 20:10:26.895 INFO [main] org.apache.catalina.core.StandardServer.await A valid shutdown command was received via the shutdown port. Stopping the Server instance.
31-Jul-2024 20:10:26.896 INFO [main] org.apache.coyote.AbstractProtocol.pause Pausing ProtocolHandler ["http-nio-8080"]
31-Jul-2024 20:10:26.903 INFO [main] org.apache.catalina.core.StandardService.stopInternal Stopping service [Catalina]
31-Jul-2024 20:10:26.941 INFO [main] org.apache.coyote.AbstractProtocol.stop Stopping ProtocolHandler ["http-nio-8080"]
31-Jul-2024 20:10:26.959 INFO [main] org.apache.coyote.AbstractProtocol.destroy Destroying ProtocolHandler ["http-nio-8080"]
31-Jul-2024 20:10:30.286 INFO [main] org.apache.catalina.startup.VersionLoggerListener.log Server version name:   Apache Tomcat/9.0.91
31-Jul-2024 20:10:30.289 INFO [main] org.apache.catalina.startup.VersionLoggerListener.log Server built:          Jul 2 2024 12:35:51 UTC
31-Jul-2024 20:10:30.289 INFO [main] org.apache.catalina.startup.VersionLoggerListener.log Server version number: 9.0.91.0
31-Jul-2024 20:10:30.289 INFO [main] org.apache.catalina.startup.VersionLoggerListener.log OS Name:               Windows 11
31-Jul-2024 20:10:30.289 INFO [main] org.apache.catalina.startup.VersionLoggerListener.log OS Version:            10.0
31-Jul-2024 20:10:30.289 INFO [main] org.apache.catalina.startup.VersionLoggerListener.log Architecture:          amd64
31-Jul-2024 20:10:30.289 INFO [main] org.apache.catalina.startup.VersionLoggerListener.log Java Home:             C:\Program Files\Java\jdk-22
31-Jul-2024 20:10:30.289 INFO [main] org.apache.catalina.startup.VersionLoggerListener.log JVM Version:           22.0.2+9-70
31-Jul-2024 20:10:30.289 INFO [main] org.apache.catalina.startup.VersionLoggerListener.log JVM Vendor:            Oracle Corporation
31-Jul-2024 20:10:30.291 INFO [main] org.apache.catalina.startup.VersionLoggerListener.log CATALINA_BASE:         C:\Users\yohn\Desktop\Portafolio\Java\apache-tomcat-9.0.91-windows-x64\apache-tomcat-9.0.91
31-Jul-2024 20:10:30.291 INFO [main] org.apache.catalina.startup.VersionLoggerListener.log CATALINA_HOME:         C:\Users\yohn\Desktop\Portafolio\Java\apache-tomcat-9.0.91-windows-x64\apache-tomcat-9.0.91
31-Jul-2024 20:10:30.300 INFO [main] org.apache.catalina.startup.VersionLoggerListener.log Command line argument: --add-opens=java.base/java.lang=ALL-UNNAMED
31-Jul-2024 20:10:30.300 INFO [main] org.apache.catalina.startup.VersionLoggerListener.log Command line argument: --add-opens=java.base/java.io=ALL-UNNAMED
31-Jul-2024 20:10:30.301 INFO [main] org.apache.catalina.startup.VersionLoggerListener.log Command line argument: --add-opens=java.base/java.util=ALL-UNNAMED
31-Jul-2024 20:10:30.301 INFO [main] org.apache.catalina.startup.VersionLoggerListener.log Command line argument: --add-opens=java.base/java.util.concurrent=ALL-UNNAMED
31-Jul-2024 20:10:30.301 INFO [main] org.apache.catalina.startup.VersionLoggerListener.log Command line argument: --add-opens=java.rmi/sun.rmi.transport=ALL-UNNAMED
31-Jul-2024 20:10:30.301 INFO [main] org.apache.catalina.startup.VersionLoggerListener.log Command line argument: -Djava.util.logging.config.file=C:\Users\yohn\Desktop\Portafolio\Java\apache-tomcat-9.0.91-windows-x64\apache-tomcat-9.0.91\conf\logging.properties
31-Jul-2024 20:10:30.301 INFO [main] org.apache.catalina.startup.VersionLoggerListener.log Command line argument: -Djava.util.logging.manager=org.apache.juli.ClassLoaderLogManager
31-Jul-2024 20:10:30.301 INFO [main] org.apache.catalina.startup.VersionLoggerListener.log Command line argument: -Djdk.tls.ephemeralDHKeySize=2048
31-Jul-2024 20:10:30.301 INFO [main] org.apache.catalina.startup.VersionLoggerListener.log Command line argument: -Djava.protocol.handler.pkgs=org.apache.catalina.webresources
31-Jul-2024 20:10:30.301 INFO [main] org.apache.catalina.startup.VersionLoggerListener.log Command line argument: -Dignore.endorsed.dirs=
31-Jul-2024 20:10:30.302 INFO [main] org.apache.catalina.startup.VersionLoggerListener.log Command line argument: -Dcatalina.base=C:\Users\yohn\Desktop\Portafolio\Java\apache-tomcat-9.0.91-windows-x64\apache-tomcat-9.0.91
31-Jul-2024 20:10:30.302 INFO [main] org.apache.catalina.startup.VersionLoggerListener.log Command line argument: -Dcatalina.home=C:\Users\yohn\Desktop\Portafolio\Java\apache-tomcat-9.0.91-windows-x64\apache-tomcat-9.0.91
31-Jul-2024 20:10:30.302 INFO [main] org.apache.catalina.startup.VersionLoggerListener.log Command line argument: -Djava.io.tmpdir=C:\Users\yohn\Desktop\Portafolio\Java\apache-tomcat-9.0.91-windows-x64\apache-tomcat-9.0.91\temp
31-Jul-2024 20:10:30.305 INFO [main] org.apache.catalina.core.AprLifecycleListener.lifecycleEvent Loaded Apache Tomcat Native library [1.3.0] using APR version [1.7.4].
31-Jul-2024 20:10:30.318 INFO [main] org.apache.catalina.core.AprLifecycleListener.lifecycleEvent APR capabilities: IPv6 [true], sendfile [true], accept filters [false], random [true], UDS [true].
31-Jul-2024 20:10:30.318 INFO [main] org.apache.catalina.core.AprLifecycleListener.lifecycleEvent APR/OpenSSL configuration: useAprConnector [false], useOpenSSL [true]
31-Jul-2024 20:10:30.325 INFO [main] org.apache.catalina.core.AprLifecycleListener.initializeSSL OpenSSL successfully initialized [OpenSSL 3.0.13 30 Jan 2024]
31-Jul-2024 20:10:30.675 INFO [main] org.apache.coyote.AbstractProtocol.init Initializing ProtocolHandler ["http-nio-8080"]
31-Jul-2024 20:10:30.704 INFO [main] org.apache.catalina.startup.Catalina.load Server initialization in [610] milliseconds
31-Jul-2024 20:10:30.772 INFO [main] org.apache.catalina.core.StandardService.startInternal Starting service [Catalina]
31-Jul-2024 20:10:30.772 INFO [main] org.apache.catalina.core.StandardEngine.startInternal Starting Servlet engine: [Apache Tomcat/9.0.91]
31-Jul-2024 20:10:30.784 INFO [main] org.apache.catalina.startup.HostConfig.deployDirectory Deploying web application directory [C:\Users\yohn\Desktop\Portafolio\Java\apache-tomcat-9.0.91-windows-x64\apache-tomcat-9.0.91\webapps\docs]
31-Jul-2024 20:10:31.124 INFO [main] org.apache.catalina.startup.HostConfig.deployDirectory Deployment of web application directory [C:\Users\yohn\Desktop\Portafolio\Java\apache-tomcat-9.0.91-windows-x64\apache-tomcat-9.0.91\webapps\docs] has finished in [339] ms
31-Jul-2024 20:10:31.125 INFO [main] org.apache.catalina.startup.HostConfig.deployDirectory Deploying web application directory [C:\Users\yohn\Desktop\Portafolio\Java\apache-tomcat-9.0.91-windows-x64\apache-tomcat-9.0.91\webapps\examples]
31-Jul-2024 20:10:31.835 INFO [main] org.apache.catalina.startup.HostConfig.deployDirectory Deployment of web application directory [C:\Users\yohn\Desktop\Portafolio\Java\apache-tomcat-9.0.91-windows-x64\apache-tomcat-9.0.91\webapps\examples] has finished in [709] ms
31-Jul-2024 20:10:31.835 INFO [main] org.apache.catalina.startup.HostConfig.deployDirectory Deploying web application directory [C:\Users\yohn\Desktop\Portafolio\Java\apache-tomcat-9.0.91-windows-x64\apache-tomcat-9.0.91\webapps\host-manager]
31-Jul-2024 20:10:31.887 INFO [main] org.apache.catalina.startup.HostConfig.deployDirectory Deployment of web application directory [C:\Users\yohn\Desktop\Portafolio\Java\apache-tomcat-9.0.91-windows-x64\apache-tomcat-9.0.91\webapps\host-manager] has finished in [52] ms
31-Jul-2024 20:10:31.887 INFO [main] org.apache.catalina.startup.HostConfig.deployDirectory Deploying web application directory [C:\Users\yohn\Desktop\Portafolio\Java\apache-tomcat-9.0.91-windows-x64\apache-tomcat-9.0.91\webapps\manager]
31-Jul-2024 20:10:31.952 INFO [main] org.apache.catalina.startup.HostConfig.deployDirectory Deployment of web application directory [C:\Users\yohn\Desktop\Portafolio\Java\apache-tomcat-9.0.91-windows-x64\apache-tomcat-9.0.91\webapps\manager] has finished in [64] ms
31-Jul-2024 20:10:31.953 INFO [main] org.apache.catalina.startup.HostConfig.deployDirectory Deploying web application directory [C:\Users\yohn\Desktop\Portafolio\Java\apache-tomcat-9.0.91-windows-x64\apache-tomcat-9.0.91\webapps\ROOT]
31-Jul-2024 20:10:31.988 INFO [main] org.apache.catalina.startup.HostConfig.deployDirectory Deployment of web application directory [C:\Users\yohn\Desktop\Portafolio\Java\apache-tomcat-9.0.91-windows-x64\apache-tomcat-9.0.91\webapps\ROOT] has finished in [36] ms
31-Jul-2024 20:10:31.992 INFO [main] org.apache.coyote.AbstractProtocol.start Starting ProtocolHandler ["http-nio-8080"]
31-Jul-2024 20:10:32.021 INFO [main] org.apache.catalina.startup.Catalina.start Server startup in [1315] milliseconds
31-Jul-2024 20:18:09.944 INFO [main] org.apache.catalina.core.StandardServer.await A valid shutdown command was received via the shutdown port. Stopping the Server instance.
31-Jul-2024 20:18:09.945 INFO [main] org.apache.coyote.AbstractProtocol.pause Pausing ProtocolHandler ["http-nio-8080"]
31-Jul-2024 20:18:09.952 INFO [main] org.apache.catalina.core.StandardService.stopInternal Stopping service [Catalina]
31-Jul-2024 20:18:09.977 INFO [main] org.apache.coyote.AbstractProtocol.stop Stopping ProtocolHandler ["http-nio-8080"]
31-Jul-2024 20:18:09.983 INFO [main] org.apache.coyote.AbstractProtocol.destroy Destroying ProtocolHandler ["http-nio-8080"]
