01-Aug-2024 20:37:03.488 INFO [main] org.apache.catalina.startup.VersionLoggerListener.log Server version name:   Apache Tomcat/9.0.91
01-Aug-2024 20:37:03.491 INFO [main] org.apache.catalina.startup.VersionLoggerListener.log Server built:          Jul 2 2024 12:35:51 UTC
01-Aug-2024 20:37:03.491 INFO [main] org.apache.catalina.startup.VersionLoggerListener.log Server version number: 9.0.91.0
01-Aug-2024 20:37:03.491 INFO [main] org.apache.catalina.startup.VersionLoggerListener.log OS Name:               Windows 11
01-Aug-2024 20:37:03.491 INFO [main] org.apache.catalina.startup.VersionLoggerListener.log OS Version:            10.0
01-Aug-2024 20:37:03.491 INFO [main] org.apache.catalina.startup.VersionLoggerListener.log Architecture:          amd64
01-Aug-2024 20:37:03.492 INFO [main] org.apache.catalina.startup.VersionLoggerListener.log Java Home:             C:\Program Files\Java\jdk-22
01-Aug-2024 20:37:03.492 INFO [main] org.apache.catalina.startup.VersionLoggerListener.log JVM Version:           22.0.2+9-70
01-Aug-2024 20:37:03.492 INFO [main] org.apache.catalina.startup.VersionLoggerListener.log JVM Vendor:            Oracle Corporation
01-Aug-2024 20:37:03.492 INFO [main] org.apache.catalina.startup.VersionLoggerListener.log CATALINA_BASE:         C:\Users\yohn\Desktop\Portafolio\Java\apache-tomcat-9.0.91-windows-x64\apache-tomcat-9.0.91
01-Aug-2024 20:37:03.492 INFO [main] org.apache.catalina.startup.VersionLoggerListener.log CATALINA_HOME:         C:\Users\yohn\Desktop\Portafolio\Java\apache-tomcat-9.0.91-windows-x64\apache-tomcat-9.0.91
01-Aug-2024 20:37:03.503 INFO [main] org.apache.catalina.startup.VersionLoggerListener.log Command line argument: --add-opens=java.base/java.lang=ALL-UNNAMED
01-Aug-2024 20:37:03.503 INFO [main] org.apache.catalina.startup.VersionLoggerListener.log Command line argument: --add-opens=java.base/java.io=ALL-UNNAMED
01-Aug-2024 20:37:03.504 INFO [main] org.apache.catalina.startup.VersionLoggerListener.log Command line argument: --add-opens=java.base/java.util=ALL-UNNAMED
01-Aug-2024 20:37:03.504 INFO [main] org.apache.catalina.startup.VersionLoggerListener.log Command line argument: --add-opens=java.base/java.util.concurrent=ALL-UNNAMED
01-Aug-2024 20:37:03.504 INFO [main] org.apache.catalina.startup.VersionLoggerListener.log Command line argument: --add-opens=java.rmi/sun.rmi.transport=ALL-UNNAMED
01-Aug-2024 20:37:03.504 INFO [main] org.apache.catalina.startup.VersionLoggerListener.log Command line argument: -Djava.util.logging.config.file=C:\Users\yohn\Desktop\Portafolio\Java\apache-tomcat-9.0.91-windows-x64\apache-tomcat-9.0.91\conf\logging.properties
01-Aug-2024 20:37:03.504 INFO [main] org.apache.catalina.startup.VersionLoggerListener.log Command line argument: -Djava.util.logging.manager=org.apache.juli.ClassLoaderLogManager
01-Aug-2024 20:37:03.504 INFO [main] org.apache.catalina.startup.VersionLoggerListener.log Command line argument: -Djdk.tls.ephemeralDHKeySize=2048
01-Aug-2024 20:37:03.504 INFO [main] org.apache.catalina.startup.VersionLoggerListener.log Command line argument: -Djava.protocol.handler.pkgs=org.apache.catalina.webresources
01-Aug-2024 20:37:03.504 INFO [main] org.apache.catalina.startup.VersionLoggerListener.log Command line argument: -Dignore.endorsed.dirs=
01-Aug-2024 20:37:03.504 INFO [main] org.apache.catalina.startup.VersionLoggerListener.log Command line argument: -Dcatalina.base=C:\Users\yohn\Desktop\Portafolio\Java\apache-tomcat-9.0.91-windows-x64\apache-tomcat-9.0.91
01-Aug-2024 20:37:03.504 INFO [main] org.apache.catalina.startup.VersionLoggerListener.log Command line argument: -Dcatalina.home=C:\Users\yohn\Desktop\Portafolio\Java\apache-tomcat-9.0.91-windows-x64\apache-tomcat-9.0.91
01-Aug-2024 20:37:03.504 INFO [main] org.apache.catalina.startup.VersionLoggerListener.log Command line argument: -Djava.io.tmpdir=C:\Users\yohn\Desktop\Portafolio\Java\apache-tomcat-9.0.91-windows-x64\apache-tomcat-9.0.91\temp
01-Aug-2024 20:37:03.513 INFO [main] org.apache.catalina.core.AprLifecycleListener.lifecycleEvent Loaded Apache Tomcat Native library [1.3.0] using APR version [1.7.4].
01-Aug-2024 20:37:03.584 INFO [main] org.apache.catalina.core.AprLifecycleListener.lifecycleEvent APR capabilities: IPv6 [true], sendfile [true], accept filters [false], random [true], UDS [true].
01-Aug-2024 20:37:03.584 INFO [main] org.apache.catalina.core.AprLifecycleListener.lifecycleEvent APR/OpenSSL configuration: useAprConnector [false], useOpenSSL [true]
01-Aug-2024 20:37:03.611 INFO [main] org.apache.catalina.core.AprLifecycleListener.initializeSSL OpenSSL successfully initialized [OpenSSL 3.0.13 30 Jan 2024]
01-Aug-2024 20:37:04.033 INFO [main] org.apache.coyote.AbstractProtocol.init Initializing ProtocolHandler ["http-nio-8080"]
01-Aug-2024 20:37:04.065 INFO [main] org.apache.catalina.startup.Catalina.load Server initialization in [778] milliseconds
01-Aug-2024 20:37:04.139 INFO [main] org.apache.catalina.core.StandardService.startInternal Starting service [Catalina]
01-Aug-2024 20:37:04.140 INFO [main] org.apache.catalina.core.StandardEngine.startInternal Starting Servlet engine: [Apache Tomcat/9.0.91]
01-Aug-2024 20:37:04.154 INFO [main] org.apache.catalina.startup.HostConfig.deployDirectory Deploying web application directory [C:\Users\yohn\Desktop\Portafolio\Java\apache-tomcat-9.0.91-windows-x64\apache-tomcat-9.0.91\webapps\docs]
01-Aug-2024 20:37:04.497 INFO [main] org.apache.catalina.startup.HostConfig.deployDirectory Deployment of web application directory [C:\Users\yohn\Desktop\Portafolio\Java\apache-tomcat-9.0.91-windows-x64\apache-tomcat-9.0.91\webapps\docs] has finished in [342] ms
01-Aug-2024 20:37:04.498 INFO [main] org.apache.catalina.startup.HostConfig.deployDirectory Deploying web application directory [C:\Users\yohn\Desktop\Portafolio\Java\apache-tomcat-9.0.91-windows-x64\apache-tomcat-9.0.91\webapps\examples]
01-Aug-2024 20:37:05.232 INFO [main] org.apache.catalina.startup.HostConfig.deployDirectory Deployment of web application directory [C:\Users\yohn\Desktop\Portafolio\Java\apache-tomcat-9.0.91-windows-x64\apache-tomcat-9.0.91\webapps\examples] has finished in [735] ms
01-Aug-2024 20:37:05.232 INFO [main] org.apache.catalina.startup.HostConfig.deployDirectory Deploying web application directory [C:\Users\yohn\Desktop\Portafolio\Java\apache-tomcat-9.0.91-windows-x64\apache-tomcat-9.0.91\webapps\host-manager]
01-Aug-2024 20:37:05.288 INFO [main] org.apache.catalina.startup.HostConfig.deployDirectory Deployment of web application directory [C:\Users\yohn\Desktop\Portafolio\Java\apache-tomcat-9.0.91-windows-x64\apache-tomcat-9.0.91\webapps\host-manager] has finished in [55] ms
01-Aug-2024 20:37:05.288 INFO [main] org.apache.catalina.startup.HostConfig.deployDirectory Deploying web application directory [C:\Users\yohn\Desktop\Portafolio\Java\apache-tomcat-9.0.91-windows-x64\apache-tomcat-9.0.91\webapps\manager]
01-Aug-2024 20:37:05.361 INFO [main] org.apache.catalina.startup.HostConfig.deployDirectory Deployment of web application directory [C:\Users\yohn\Desktop\Portafolio\Java\apache-tomcat-9.0.91-windows-x64\apache-tomcat-9.0.91\webapps\manager] has finished in [72] ms
01-Aug-2024 20:37:05.361 INFO [main] org.apache.catalina.startup.HostConfig.deployDirectory Deploying web application directory [C:\Users\yohn\Desktop\Portafolio\Java\apache-tomcat-9.0.91-windows-x64\apache-tomcat-9.0.91\webapps\ROOT]
01-Aug-2024 20:37:05.405 INFO [main] org.apache.catalina.startup.HostConfig.deployDirectory Deployment of web application directory [C:\Users\yohn\Desktop\Portafolio\Java\apache-tomcat-9.0.91-windows-x64\apache-tomcat-9.0.91\webapps\ROOT] has finished in [43] ms
01-Aug-2024 20:37:05.408 INFO [main] org.apache.coyote.AbstractProtocol.start Starting ProtocolHandler ["http-nio-8080"]
01-Aug-2024 20:37:05.434 INFO [main] org.apache.catalina.startup.Catalina.start Server startup in [1367] milliseconds
01-Aug-2024 20:37:14.446 INFO [http-nio-8080-exec-1] org.apache.catalina.startup.HostConfig.deployDescriptor Deploying deployment descriptor [C:\Users\yohn\Desktop\Portafolio\Java\apache-tomcat-9.0.91-windows-x64\apache-tomcat-9.0.91\conf\Catalina\localhost\CrudMySQL.xml]
01-Aug-2024 20:37:14.447 WARNING [http-nio-8080-exec-1] org.apache.catalina.startup.HostConfig.deployDescriptor The path attribute with value [/CrudMySQL] in deployment descriptor [C:\Users\yohn\Desktop\Portafolio\Java\apache-tomcat-9.0.91-windows-x64\apache-tomcat-9.0.91\conf\Catalina\localhost\CrudMySQL.xml] has been ignored
01-Aug-2024 20:37:14.515 INFO [http-nio-8080-exec-1] org.apache.catalina.startup.HostConfig.deployDescriptor Deployment of deployment descriptor [C:\Users\yohn\Desktop\Portafolio\Java\apache-tomcat-9.0.91-windows-x64\apache-tomcat-9.0.91\conf\Catalina\localhost\CrudMySQL.xml] has finished in [70] ms
01-Aug-2024 20:37:14.519 INFO [http-nio-8080-exec-2] org.apache.catalina.util.LifecycleBase.start The start() method was called on component [StandardEngine[Catalina].StandardHost[localhost].StandardContext[/CrudMySQL]] after start() had already been called. The second call will be ignored.
01-Aug-2024 20:38:00.061 INFO [http-nio-8080-exec-2] org.apache.catalina.startup.HostConfig.undeploy Undeploying context [/CrudMySQL]
01-Aug-2024 20:38:00.081 INFO [http-nio-8080-exec-8] org.apache.catalina.startup.HostConfig.deployDescriptor Deploying deployment descriptor [C:\Users\yohn\Desktop\Portafolio\Java\apache-tomcat-9.0.91-windows-x64\apache-tomcat-9.0.91\conf\Catalina\localhost\CrudMySQL.xml]
01-Aug-2024 20:38:00.083 WARNING [http-nio-8080-exec-8] org.apache.catalina.startup.HostConfig.deployDescriptor The path attribute with value [/CrudMySQL] in deployment descriptor [C:\Users\yohn\Desktop\Portafolio\Java\apache-tomcat-9.0.91-windows-x64\apache-tomcat-9.0.91\conf\Catalina\localhost\CrudMySQL.xml] has been ignored
01-Aug-2024 20:38:00.139 INFO [http-nio-8080-exec-8] org.apache.catalina.startup.HostConfig.deployDescriptor Deployment of deployment descriptor [C:\Users\yohn\Desktop\Portafolio\Java\apache-tomcat-9.0.91-windows-x64\apache-tomcat-9.0.91\conf\Catalina\localhost\CrudMySQL.xml] has finished in [58] ms
01-Aug-2024 20:38:00.143 INFO [http-nio-8080-exec-5] org.apache.catalina.util.LifecycleBase.start The start() method was called on component [StandardEngine[Catalina].StandardHost[localhost].StandardContext[/CrudMySQL]] after start() had already been called. The second call will be ignored.
01-Aug-2024 20:39:54.993 INFO [main] org.apache.catalina.core.StandardServer.await A valid shutdown command was received via the shutdown port. Stopping the Server instance.
01-Aug-2024 20:39:54.994 INFO [main] org.apache.coyote.AbstractProtocol.pause Pausing ProtocolHandler ["http-nio-8080"]
01-Aug-2024 20:39:54.998 INFO [main] org.apache.catalina.core.StandardService.stopInternal Stopping service [Catalina]
01-Aug-2024 20:39:55.011 INFO [main] org.apache.coyote.AbstractProtocol.stop Stopping ProtocolHandler ["http-nio-8080"]
01-Aug-2024 20:39:55.024 INFO [main] org.apache.coyote.AbstractProtocol.destroy Destroying ProtocolHandler ["http-nio-8080"]
01-Aug-2024 20:39:58.220 INFO [main] org.apache.catalina.startup.VersionLoggerListener.log Server version name:   Apache Tomcat/9.0.91
01-Aug-2024 20:39:58.223 INFO [main] org.apache.catalina.startup.VersionLoggerListener.log Server built:          Jul 2 2024 12:35:51 UTC
01-Aug-2024 20:39:58.223 INFO [main] org.apache.catalina.startup.VersionLoggerListener.log Server version number: 9.0.91.0
01-Aug-2024 20:39:58.223 INFO [main] org.apache.catalina.startup.VersionLoggerListener.log OS Name:               Windows 11
01-Aug-2024 20:39:58.223 INFO [main] org.apache.catalina.startup.VersionLoggerListener.log OS Version:            10.0
01-Aug-2024 20:39:58.223 INFO [main] org.apache.catalina.startup.VersionLoggerListener.log Architecture:          amd64
01-Aug-2024 20:39:58.223 INFO [main] org.apache.catalina.startup.VersionLoggerListener.log Java Home:             C:\Program Files\Java\jdk-22
01-Aug-2024 20:39:58.223 INFO [main] org.apache.catalina.startup.VersionLoggerListener.log JVM Version:           22.0.2+9-70
01-Aug-2024 20:39:58.224 INFO [main] org.apache.catalina.startup.VersionLoggerListener.log JVM Vendor:            Oracle Corporation
01-Aug-2024 20:39:58.224 INFO [main] org.apache.catalina.startup.VersionLoggerListener.log CATALINA_BASE:         C:\Users\yohn\Desktop\Portafolio\Java\apache-tomcat-9.0.91-windows-x64\apache-tomcat-9.0.91
01-Aug-2024 20:39:58.224 INFO [main] org.apache.catalina.startup.VersionLoggerListener.log CATALINA_HOME:         C:\Users\yohn\Desktop\Portafolio\Java\apache-tomcat-9.0.91-windows-x64\apache-tomcat-9.0.91
01-Aug-2024 20:39:58.234 INFO [main] org.apache.catalina.startup.VersionLoggerListener.log Command line argument: --add-opens=java.base/java.lang=ALL-UNNAMED
01-Aug-2024 20:39:58.234 INFO [main] org.apache.catalina.startup.VersionLoggerListener.log Command line argument: --add-opens=java.base/java.io=ALL-UNNAMED
01-Aug-2024 20:39:58.235 INFO [main] org.apache.catalina.startup.VersionLoggerListener.log Command line argument: --add-opens=java.base/java.util=ALL-UNNAMED
01-Aug-2024 20:39:58.235 INFO [main] org.apache.catalina.startup.VersionLoggerListener.log Command line argument: --add-opens=java.base/java.util.concurrent=ALL-UNNAMED
01-Aug-2024 20:39:58.235 INFO [main] org.apache.catalina.startup.VersionLoggerListener.log Command line argument: --add-opens=java.rmi/sun.rmi.transport=ALL-UNNAMED
01-Aug-2024 20:39:58.235 INFO [main] org.apache.catalina.startup.VersionLoggerListener.log Command line argument: -Djava.util.logging.config.file=C:\Users\yohn\Desktop\Portafolio\Java\apache-tomcat-9.0.91-windows-x64\apache-tomcat-9.0.91\conf\logging.properties
01-Aug-2024 20:39:58.235 INFO [main] org.apache.catalina.startup.VersionLoggerListener.log Command line argument: -Djava.util.logging.manager=org.apache.juli.ClassLoaderLogManager
01-Aug-2024 20:39:58.235 INFO [main] org.apache.catalina.startup.VersionLoggerListener.log Command line argument: -Djdk.tls.ephemeralDHKeySize=2048
01-Aug-2024 20:39:58.235 INFO [main] org.apache.catalina.startup.VersionLoggerListener.log Command line argument: -Djava.protocol.handler.pkgs=org.apache.catalina.webresources
01-Aug-2024 20:39:58.235 INFO [main] org.apache.catalina.startup.VersionLoggerListener.log Command line argument: -Dignore.endorsed.dirs=
01-Aug-2024 20:39:58.235 INFO [main] org.apache.catalina.startup.VersionLoggerListener.log Command line argument: -Dcatalina.base=C:\Users\yohn\Desktop\Portafolio\Java\apache-tomcat-9.0.91-windows-x64\apache-tomcat-9.0.91
01-Aug-2024 20:39:58.236 INFO [main] org.apache.catalina.startup.VersionLoggerListener.log Command line argument: -Dcatalina.home=C:\Users\yohn\Desktop\Portafolio\Java\apache-tomcat-9.0.91-windows-x64\apache-tomcat-9.0.91
01-Aug-2024 20:39:58.236 INFO [main] org.apache.catalina.startup.VersionLoggerListener.log Command line argument: -Djava.io.tmpdir=C:\Users\yohn\Desktop\Portafolio\Java\apache-tomcat-9.0.91-windows-x64\apache-tomcat-9.0.91\temp
01-Aug-2024 20:39:58.239 INFO [main] org.apache.catalina.core.AprLifecycleListener.lifecycleEvent Loaded Apache Tomcat Native library [1.3.0] using APR version [1.7.4].
01-Aug-2024 20:39:58.250 INFO [main] org.apache.catalina.core.AprLifecycleListener.lifecycleEvent APR capabilities: IPv6 [true], sendfile [true], accept filters [false], random [true], UDS [true].
01-Aug-2024 20:39:58.250 INFO [main] org.apache.catalina.core.AprLifecycleListener.lifecycleEvent APR/OpenSSL configuration: useAprConnector [false], useOpenSSL [true]
01-Aug-2024 20:39:58.256 INFO [main] org.apache.catalina.core.AprLifecycleListener.initializeSSL OpenSSL successfully initialized [OpenSSL 3.0.13 30 Jan 2024]
01-Aug-2024 20:39:58.586 INFO [main] org.apache.coyote.AbstractProtocol.init Initializing ProtocolHandler ["http-nio-8080"]
01-Aug-2024 20:39:58.609 INFO [main] org.apache.catalina.startup.Catalina.load Server initialization in [558] milliseconds
01-Aug-2024 20:39:58.666 INFO [main] org.apache.catalina.core.StandardService.startInternal Starting service [Catalina]
01-Aug-2024 20:39:58.667 INFO [main] org.apache.catalina.core.StandardEngine.startInternal Starting Servlet engine: [Apache Tomcat/9.0.91]
01-Aug-2024 20:39:58.677 INFO [main] org.apache.catalina.startup.HostConfig.deployDescriptor Deploying deployment descriptor [C:\Users\yohn\Desktop\Portafolio\Java\apache-tomcat-9.0.91-windows-x64\apache-tomcat-9.0.91\conf\Catalina\localhost\CrudMySQL.xml]
01-Aug-2024 20:39:58.690 WARNING [main] org.apache.catalina.startup.HostConfig.deployDescriptor The path attribute with value [/CrudMySQL] in deployment descriptor [C:\Users\yohn\Desktop\Portafolio\Java\apache-tomcat-9.0.91-windows-x64\apache-tomcat-9.0.91\conf\Catalina\localhost\CrudMySQL.xml] has been ignored
01-Aug-2024 20:39:59.007 INFO [main] org.apache.catalina.startup.HostConfig.deployDescriptor Deployment of deployment descriptor [C:\Users\yohn\Desktop\Portafolio\Java\apache-tomcat-9.0.91-windows-x64\apache-tomcat-9.0.91\conf\Catalina\localhost\CrudMySQL.xml] has finished in [329] ms
01-Aug-2024 20:39:59.008 INFO [main] org.apache.catalina.startup.HostConfig.deployDirectory Deploying web application directory [C:\Users\yohn\Desktop\Portafolio\Java\apache-tomcat-9.0.91-windows-x64\apache-tomcat-9.0.91\webapps\docs]
01-Aug-2024 20:39:59.055 INFO [main] org.apache.catalina.startup.HostConfig.deployDirectory Deployment of web application directory [C:\Users\yohn\Desktop\Portafolio\Java\apache-tomcat-9.0.91-windows-x64\apache-tomcat-9.0.91\webapps\docs] has finished in [47] ms
01-Aug-2024 20:39:59.055 INFO [main] org.apache.catalina.startup.HostConfig.deployDirectory Deploying web application directory [C:\Users\yohn\Desktop\Portafolio\Java\apache-tomcat-9.0.91-windows-x64\apache-tomcat-9.0.91\webapps\examples]
01-Aug-2024 20:39:59.664 INFO [main] org.apache.catalina.startup.HostConfig.deployDirectory Deployment of web application directory [C:\Users\yohn\Desktop\Portafolio\Java\apache-tomcat-9.0.91-windows-x64\apache-tomcat-9.0.91\webapps\examples] has finished in [609] ms
01-Aug-2024 20:39:59.665 INFO [main] org.apache.catalina.startup.HostConfig.deployDirectory Deploying web application directory [C:\Users\yohn\Desktop\Portafolio\Java\apache-tomcat-9.0.91-windows-x64\apache-tomcat-9.0.91\webapps\host-manager]
01-Aug-2024 20:39:59.717 INFO [main] org.apache.catalina.startup.HostConfig.deployDirectory Deployment of web application directory [C:\Users\yohn\Desktop\Portafolio\Java\apache-tomcat-9.0.91-windows-x64\apache-tomcat-9.0.91\webapps\host-manager] has finished in [52] ms
01-Aug-2024 20:39:59.717 INFO [main] org.apache.catalina.startup.HostConfig.deployDirectory Deploying web application directory [C:\Users\yohn\Desktop\Portafolio\Java\apache-tomcat-9.0.91-windows-x64\apache-tomcat-9.0.91\webapps\manager]
01-Aug-2024 20:39:59.774 INFO [main] org.apache.catalina.startup.HostConfig.deployDirectory Deployment of web application directory [C:\Users\yohn\Desktop\Portafolio\Java\apache-tomcat-9.0.91-windows-x64\apache-tomcat-9.0.91\webapps\manager] has finished in [56] ms
01-Aug-2024 20:39:59.775 INFO [main] org.apache.catalina.startup.HostConfig.deployDirectory Deploying web application directory [C:\Users\yohn\Desktop\Portafolio\Java\apache-tomcat-9.0.91-windows-x64\apache-tomcat-9.0.91\webapps\ROOT]
01-Aug-2024 20:39:59.814 INFO [main] org.apache.catalina.startup.HostConfig.deployDirectory Deployment of web application directory [C:\Users\yohn\Desktop\Portafolio\Java\apache-tomcat-9.0.91-windows-x64\apache-tomcat-9.0.91\webapps\ROOT] has finished in [39] ms
01-Aug-2024 20:39:59.817 INFO [main] org.apache.coyote.AbstractProtocol.start Starting ProtocolHandler ["http-nio-8080"]
01-Aug-2024 20:39:59.839 INFO [main] org.apache.catalina.startup.Catalina.start Server startup in [1228] milliseconds
01-Aug-2024 20:41:19.540 INFO [http-nio-8080-exec-1] org.apache.catalina.startup.HostConfig.undeploy Undeploying context [/CrudMySQL]
01-Aug-2024 20:41:19.587 INFO [http-nio-8080-exec-5] org.apache.catalina.startup.HostConfig.deployDescriptor Deploying deployment descriptor [C:\Users\yohn\Desktop\Portafolio\Java\apache-tomcat-9.0.91-windows-x64\apache-tomcat-9.0.91\conf\Catalina\localhost\CrudMySQL.xml]
01-Aug-2024 20:41:19.589 WARNING [http-nio-8080-exec-5] org.apache.catalina.startup.HostConfig.deployDescriptor The path attribute with value [/CrudMySQL] in deployment descriptor [C:\Users\yohn\Desktop\Portafolio\Java\apache-tomcat-9.0.91-windows-x64\apache-tomcat-9.0.91\conf\Catalina\localhost\CrudMySQL.xml] has been ignored
01-Aug-2024 20:41:19.645 INFO [http-nio-8080-exec-5] org.apache.catalina.startup.HostConfig.deployDescriptor Deployment of deployment descriptor [C:\Users\yohn\Desktop\Portafolio\Java\apache-tomcat-9.0.91-windows-x64\apache-tomcat-9.0.91\conf\Catalina\localhost\CrudMySQL.xml] has finished in [58] ms
01-Aug-2024 20:41:19.648 INFO [http-nio-8080-exec-2] org.apache.catalina.util.LifecycleBase.start The start() method was called on component [StandardEngine[Catalina].StandardHost[localhost].StandardContext[/CrudMySQL]] after start() had already been called. The second call will be ignored.
01-Aug-2024 20:43:59.024 INFO [http-nio-8080-exec-5] org.apache.catalina.startup.HostConfig.undeploy Undeploying context [/CrudMySQL]
01-Aug-2024 20:43:59.061 INFO [http-nio-8080-exec-18] org.apache.catalina.startup.HostConfig.deployDescriptor Deploying deployment descriptor [C:\Users\yohn\Desktop\Portafolio\Java\apache-tomcat-9.0.91-windows-x64\apache-tomcat-9.0.91\conf\Catalina\localhost\CrudMySQL.xml]
01-Aug-2024 20:43:59.063 WARNING [http-nio-8080-exec-18] org.apache.catalina.startup.HostConfig.deployDescriptor The path attribute with value [/CrudMySQL] in deployment descriptor [C:\Users\yohn\Desktop\Portafolio\Java\apache-tomcat-9.0.91-windows-x64\apache-tomcat-9.0.91\conf\Catalina\localhost\CrudMySQL.xml] has been ignored
01-Aug-2024 20:43:59.122 INFO [http-nio-8080-exec-18] org.apache.catalina.startup.HostConfig.deployDescriptor Deployment of deployment descriptor [C:\Users\yohn\Desktop\Portafolio\Java\apache-tomcat-9.0.91-windows-x64\apache-tomcat-9.0.91\conf\Catalina\localhost\CrudMySQL.xml] has finished in [61] ms
01-Aug-2024 20:43:59.124 INFO [http-nio-8080-exec-14] org.apache.catalina.util.LifecycleBase.start The start() method was called on component [StandardEngine[Catalina].StandardHost[localhost].StandardContext[/CrudMySQL]] after start() had already been called. The second call will be ignored.
01-Aug-2024 20:53:30.632 INFO [http-nio-8080-exec-24] org.apache.catalina.startup.HostConfig.undeploy Undeploying context [/CrudMySQL]
01-Aug-2024 20:53:30.656 INFO [http-nio-8080-exec-19] org.apache.catalina.startup.HostConfig.deployDescriptor Deploying deployment descriptor [C:\Users\yohn\Desktop\Portafolio\Java\apache-tomcat-9.0.91-windows-x64\apache-tomcat-9.0.91\conf\Catalina\localhost\CrudMySQL.xml]
01-Aug-2024 20:53:30.657 WARNING [http-nio-8080-exec-19] org.apache.catalina.startup.HostConfig.deployDescriptor The path attribute with value [/CrudMySQL] in deployment descriptor [C:\Users\yohn\Desktop\Portafolio\Java\apache-tomcat-9.0.91-windows-x64\apache-tomcat-9.0.91\conf\Catalina\localhost\CrudMySQL.xml] has been ignored
01-Aug-2024 20:53:30.710 INFO [http-nio-8080-exec-19] org.apache.catalina.startup.HostConfig.deployDescriptor Deployment of deployment descriptor [C:\Users\yohn\Desktop\Portafolio\Java\apache-tomcat-9.0.91-windows-x64\apache-tomcat-9.0.91\conf\Catalina\localhost\CrudMySQL.xml] has finished in [54] ms
01-Aug-2024 20:53:30.714 INFO [http-nio-8080-exec-25] org.apache.catalina.util.LifecycleBase.start The start() method was called on component [StandardEngine[Catalina].StandardHost[localhost].StandardContext[/CrudMySQL]] after start() had already been called. The second call will be ignored.
01-Aug-2024 20:55:05.264 INFO [http-nio-8080-exec-29] org.apache.catalina.startup.HostConfig.undeploy Undeploying context [/CrudMySQL]
01-Aug-2024 20:55:05.288 INFO [http-nio-8080-exec-33] org.apache.catalina.startup.HostConfig.deployDescriptor Deploying deployment descriptor [C:\Users\yohn\Desktop\Portafolio\Java\apache-tomcat-9.0.91-windows-x64\apache-tomcat-9.0.91\conf\Catalina\localhost\CrudMySQL.xml]
01-Aug-2024 20:55:05.289 WARNING [http-nio-8080-exec-33] org.apache.catalina.startup.HostConfig.deployDescriptor The path attribute with value [/CrudMySQL] in deployment descriptor [C:\Users\yohn\Desktop\Portafolio\Java\apache-tomcat-9.0.91-windows-x64\apache-tomcat-9.0.91\conf\Catalina\localhost\CrudMySQL.xml] has been ignored
01-Aug-2024 20:55:05.342 INFO [http-nio-8080-exec-33] org.apache.catalina.startup.HostConfig.deployDescriptor Deployment of deployment descriptor [C:\Users\yohn\Desktop\Portafolio\Java\apache-tomcat-9.0.91-windows-x64\apache-tomcat-9.0.91\conf\Catalina\localhost\CrudMySQL.xml] has finished in [54] ms
01-Aug-2024 20:55:05.345 INFO [http-nio-8080-exec-31] org.apache.catalina.util.LifecycleBase.start The start() method was called on component [StandardEngine[Catalina].StandardHost[localhost].StandardContext[/CrudMySQL]] after start() had already been called. The second call will be ignored.
01-Aug-2024 20:56:03.473 INFO [http-nio-8080-exec-39] org.apache.catalina.startup.HostConfig.undeploy Undeploying context [/CrudMySQL]
01-Aug-2024 20:56:03.496 INFO [http-nio-8080-exec-45] org.apache.catalina.startup.HostConfig.deployDescriptor Deploying deployment descriptor [C:\Users\yohn\Desktop\Portafolio\Java\apache-tomcat-9.0.91-windows-x64\apache-tomcat-9.0.91\conf\Catalina\localhost\CrudMySQL.xml]
01-Aug-2024 20:56:03.497 WARNING [http-nio-8080-exec-45] org.apache.catalina.startup.HostConfig.deployDescriptor The path attribute with value [/CrudMySQL] in deployment descriptor [C:\Users\yohn\Desktop\Portafolio\Java\apache-tomcat-9.0.91-windows-x64\apache-tomcat-9.0.91\conf\Catalina\localhost\CrudMySQL.xml] has been ignored
01-Aug-2024 20:56:03.548 INFO [http-nio-8080-exec-45] org.apache.catalina.startup.HostConfig.deployDescriptor Deployment of deployment descriptor [C:\Users\yohn\Desktop\Portafolio\Java\apache-tomcat-9.0.91-windows-x64\apache-tomcat-9.0.91\conf\Catalina\localhost\CrudMySQL.xml] has finished in [52] ms
01-Aug-2024 20:56:03.550 INFO [http-nio-8080-exec-44] org.apache.catalina.util.LifecycleBase.start The start() method was called on component [StandardEngine[Catalina].StandardHost[localhost].StandardContext[/CrudMySQL]] after start() had already been called. The second call will be ignored.
01-Aug-2024 20:56:52.934 INFO [http-nio-8080-exec-39] org.apache.catalina.startup.HostConfig.undeploy Undeploying context [/CrudMySQL]
01-Aug-2024 20:56:52.958 INFO [http-nio-8080-exec-47] org.apache.catalina.startup.HostConfig.deployDescriptor Deploying deployment descriptor [C:\Users\yohn\Desktop\Portafolio\Java\apache-tomcat-9.0.91-windows-x64\apache-tomcat-9.0.91\conf\Catalina\localhost\CrudMySQL.xml]
01-Aug-2024 20:56:52.959 WARNING [http-nio-8080-exec-47] org.apache.catalina.startup.HostConfig.deployDescriptor The path attribute with value [/CrudMySQL] in deployment descriptor [C:\Users\yohn\Desktop\Portafolio\Java\apache-tomcat-9.0.91-windows-x64\apache-tomcat-9.0.91\conf\Catalina\localhost\CrudMySQL.xml] has been ignored
01-Aug-2024 20:56:53.013 INFO [http-nio-8080-exec-47] org.apache.catalina.startup.HostConfig.deployDescriptor Deployment of deployment descriptor [C:\Users\yohn\Desktop\Portafolio\Java\apache-tomcat-9.0.91-windows-x64\apache-tomcat-9.0.91\conf\Catalina\localhost\CrudMySQL.xml] has finished in [56] ms
01-Aug-2024 20:56:53.016 INFO [http-nio-8080-exec-48] org.apache.catalina.util.LifecycleBase.start The start() method was called on component [StandardEngine[Catalina].StandardHost[localhost].StandardContext[/CrudMySQL]] after start() had already been called. The second call will be ignored.
01-Aug-2024 20:57:47.926 INFO [http-nio-8080-exec-55] org.apache.catalina.startup.HostConfig.undeploy Undeploying context [/CrudMySQL]
01-Aug-2024 20:57:47.949 INFO [http-nio-8080-exec-53] org.apache.catalina.startup.HostConfig.deployDescriptor Deploying deployment descriptor [C:\Users\yohn\Desktop\Portafolio\Java\apache-tomcat-9.0.91-windows-x64\apache-tomcat-9.0.91\conf\Catalina\localhost\CrudMySQL.xml]
01-Aug-2024 20:57:47.949 WARNING [http-nio-8080-exec-53] org.apache.catalina.startup.HostConfig.deployDescriptor The path attribute with value [/CrudMySQL] in deployment descriptor [C:\Users\yohn\Desktop\Portafolio\Java\apache-tomcat-9.0.91-windows-x64\apache-tomcat-9.0.91\conf\Catalina\localhost\CrudMySQL.xml] has been ignored
01-Aug-2024 20:57:48.002 INFO [http-nio-8080-exec-53] org.apache.catalina.startup.HostConfig.deployDescriptor Deployment of deployment descriptor [C:\Users\yohn\Desktop\Portafolio\Java\apache-tomcat-9.0.91-windows-x64\apache-tomcat-9.0.91\conf\Catalina\localhost\CrudMySQL.xml] has finished in [53] ms
01-Aug-2024 20:57:48.004 INFO [http-nio-8080-exec-48] org.apache.catalina.util.LifecycleBase.start The start() method was called on component [StandardEngine[Catalina].StandardHost[localhost].StandardContext[/CrudMySQL]] after start() had already been called. The second call will be ignored.
01-Aug-2024 21:00:15.893 INFO [http-nio-8080-exec-64] org.apache.catalina.startup.HostConfig.undeploy Undeploying context [/CrudMySQL]
01-Aug-2024 21:00:15.923 INFO [http-nio-8080-exec-60] org.apache.catalina.startup.HostConfig.deployDescriptor Deploying deployment descriptor [C:\Users\yohn\Desktop\Portafolio\Java\apache-tomcat-9.0.91-windows-x64\apache-tomcat-9.0.91\conf\Catalina\localhost\CrudMySQL.xml]
01-Aug-2024 21:00:15.923 WARNING [http-nio-8080-exec-60] org.apache.catalina.startup.HostConfig.deployDescriptor The path attribute with value [/CrudMySQL] in deployment descriptor [C:\Users\yohn\Desktop\Portafolio\Java\apache-tomcat-9.0.91-windows-x64\apache-tomcat-9.0.91\conf\Catalina\localhost\CrudMySQL.xml] has been ignored
01-Aug-2024 21:00:15.985 INFO [http-nio-8080-exec-60] org.apache.catalina.startup.HostConfig.deployDescriptor Deployment of deployment descriptor [C:\Users\yohn\Desktop\Portafolio\Java\apache-tomcat-9.0.91-windows-x64\apache-tomcat-9.0.91\conf\Catalina\localhost\CrudMySQL.xml] has finished in [63] ms
01-Aug-2024 21:00:15.996 INFO [http-nio-8080-exec-48] org.apache.catalina.util.LifecycleBase.start The start() method was called on component [StandardEngine[Catalina].StandardHost[localhost].StandardContext[/CrudMySQL]] after start() had already been called. The second call will be ignored.
01-Aug-2024 21:13:36.216 INFO [http-nio-8080-exec-72] org.apache.catalina.startup.HostConfig.undeploy Undeploying context [/CrudMySQL]
01-Aug-2024 21:13:36.245 INFO [http-nio-8080-exec-76] org.apache.catalina.startup.HostConfig.deployDescriptor Deploying deployment descriptor [C:\Users\yohn\Desktop\Portafolio\Java\apache-tomcat-9.0.91-windows-x64\apache-tomcat-9.0.91\conf\Catalina\localhost\CrudMySQL.xml]
01-Aug-2024 21:13:36.245 WARNING [http-nio-8080-exec-76] org.apache.catalina.startup.HostConfig.deployDescriptor The path attribute with value [/CrudMySQL] in deployment descriptor [C:\Users\yohn\Desktop\Portafolio\Java\apache-tomcat-9.0.91-windows-x64\apache-tomcat-9.0.91\conf\Catalina\localhost\CrudMySQL.xml] has been ignored
01-Aug-2024 21:13:36.299 INFO [http-nio-8080-exec-76] org.apache.catalina.startup.HostConfig.deployDescriptor Deployment of deployment descriptor [C:\Users\yohn\Desktop\Portafolio\Java\apache-tomcat-9.0.91-windows-x64\apache-tomcat-9.0.91\conf\Catalina\localhost\CrudMySQL.xml] has finished in [53] ms
01-Aug-2024 21:13:36.301 INFO [http-nio-8080-exec-74] org.apache.catalina.util.LifecycleBase.start The start() method was called on component [StandardEngine[Catalina].StandardHost[localhost].StandardContext[/CrudMySQL]] after start() had already been called. The second call will be ignored.
01-Aug-2024 21:14:41.829 INFO [http-nio-8080-exec-80] org.apache.catalina.startup.HostConfig.undeploy Undeploying context [/CrudMySQL]
01-Aug-2024 21:14:41.853 INFO [http-nio-8080-exec-82] org.apache.catalina.startup.HostConfig.deployDescriptor Deploying deployment descriptor [C:\Users\yohn\Desktop\Portafolio\Java\apache-tomcat-9.0.91-windows-x64\apache-tomcat-9.0.91\conf\Catalina\localhost\CrudMySQL.xml]
01-Aug-2024 21:14:41.854 WARNING [http-nio-8080-exec-82] org.apache.catalina.startup.HostConfig.deployDescriptor The path attribute with value [/CrudMySQL] in deployment descriptor [C:\Users\yohn\Desktop\Portafolio\Java\apache-tomcat-9.0.91-windows-x64\apache-tomcat-9.0.91\conf\Catalina\localhost\CrudMySQL.xml] has been ignored
01-Aug-2024 21:14:41.910 INFO [http-nio-8080-exec-82] org.apache.catalina.startup.HostConfig.deployDescriptor Deployment of deployment descriptor [C:\Users\yohn\Desktop\Portafolio\Java\apache-tomcat-9.0.91-windows-x64\apache-tomcat-9.0.91\conf\Catalina\localhost\CrudMySQL.xml] has finished in [57] ms
01-Aug-2024 21:14:41.912 INFO [http-nio-8080-exec-81] org.apache.catalina.util.LifecycleBase.start The start() method was called on component [StandardEngine[Catalina].StandardHost[localhost].StandardContext[/CrudMySQL]] after start() had already been called. The second call will be ignored.
01-Aug-2024 21:15:22.738 INFO [http-nio-8080-exec-89] org.apache.catalina.startup.HostConfig.undeploy Undeploying context [/CrudMySQL]
01-Aug-2024 21:15:22.767 INFO [http-nio-8080-exec-86] org.apache.catalina.startup.HostConfig.deployDescriptor Deploying deployment descriptor [C:\Users\yohn\Desktop\Portafolio\Java\apache-tomcat-9.0.91-windows-x64\apache-tomcat-9.0.91\conf\Catalina\localhost\CrudMySQL.xml]
01-Aug-2024 21:15:22.768 WARNING [http-nio-8080-exec-86] org.apache.catalina.startup.HostConfig.deployDescriptor The path attribute with value [/CrudMySQL] in deployment descriptor [C:\Users\yohn\Desktop\Portafolio\Java\apache-tomcat-9.0.91-windows-x64\apache-tomcat-9.0.91\conf\Catalina\localhost\CrudMySQL.xml] has been ignored
01-Aug-2024 21:15:22.819 INFO [http-nio-8080-exec-86] org.apache.catalina.startup.HostConfig.deployDescriptor Deployment of deployment descriptor [C:\Users\yohn\Desktop\Portafolio\Java\apache-tomcat-9.0.91-windows-x64\apache-tomcat-9.0.91\conf\Catalina\localhost\CrudMySQL.xml] has finished in [51] ms
01-Aug-2024 21:15:22.820 INFO [http-nio-8080-exec-92] org.apache.catalina.util.LifecycleBase.start The start() method was called on component [StandardEngine[Catalina].StandardHost[localhost].StandardContext[/CrudMySQL]] after start() had already been called. The second call will be ignored.
01-Aug-2024 21:15:36.786 INFO [http-nio-8080-exec-96] org.apache.catalina.startup.HostConfig.undeploy Undeploying context [/CrudMySQL]
01-Aug-2024 21:15:36.813 INFO [http-nio-8080-exec-90] org.apache.catalina.startup.HostConfig.deployDescriptor Deploying deployment descriptor [C:\Users\yohn\Desktop\Portafolio\Java\apache-tomcat-9.0.91-windows-x64\apache-tomcat-9.0.91\conf\Catalina\localhost\CrudMySQL.xml]
01-Aug-2024 21:15:36.813 WARNING [http-nio-8080-exec-90] org.apache.catalina.startup.HostConfig.deployDescriptor The path attribute with value [/CrudMySQL] in deployment descriptor [C:\Users\yohn\Desktop\Portafolio\Java\apache-tomcat-9.0.91-windows-x64\apache-tomcat-9.0.91\conf\Catalina\localhost\CrudMySQL.xml] has been ignored
01-Aug-2024 21:15:36.871 INFO [http-nio-8080-exec-90] org.apache.catalina.startup.HostConfig.deployDescriptor Deployment of deployment descriptor [C:\Users\yohn\Desktop\Portafolio\Java\apache-tomcat-9.0.91-windows-x64\apache-tomcat-9.0.91\conf\Catalina\localhost\CrudMySQL.xml] has finished in [58] ms
01-Aug-2024 21:15:36.874 INFO [http-nio-8080-exec-87] org.apache.catalina.util.LifecycleBase.start The start() method was called on component [StandardEngine[Catalina].StandardHost[localhost].StandardContext[/CrudMySQL]] after start() had already been called. The second call will be ignored.
01-Aug-2024 21:16:28.716 INFO [http-nio-8080-exec-106] org.apache.catalina.startup.HostConfig.undeploy Undeploying context [/CrudMySQL]
01-Aug-2024 21:16:28.741 INFO [http-nio-8080-exec-107] org.apache.catalina.startup.HostConfig.deployDescriptor Deploying deployment descriptor [C:\Users\yohn\Desktop\Portafolio\Java\apache-tomcat-9.0.91-windows-x64\apache-tomcat-9.0.91\conf\Catalina\localhost\CrudMySQL.xml]
01-Aug-2024 21:16:28.741 WARNING [http-nio-8080-exec-107] org.apache.catalina.startup.HostConfig.deployDescriptor The path attribute with value [/CrudMySQL] in deployment descriptor [C:\Users\yohn\Desktop\Portafolio\Java\apache-tomcat-9.0.91-windows-x64\apache-tomcat-9.0.91\conf\Catalina\localhost\CrudMySQL.xml] has been ignored
01-Aug-2024 21:16:28.793 INFO [http-nio-8080-exec-107] org.apache.catalina.startup.HostConfig.deployDescriptor Deployment of deployment descriptor [C:\Users\yohn\Desktop\Portafolio\Java\apache-tomcat-9.0.91-windows-x64\apache-tomcat-9.0.91\conf\Catalina\localhost\CrudMySQL.xml] has finished in [52] ms
01-Aug-2024 21:16:28.796 INFO [http-nio-8080-exec-105] org.apache.catalina.util.LifecycleBase.start The start() method was called on component [StandardEngine[Catalina].StandardHost[localhost].StandardContext[/CrudMySQL]] after start() had already been called. The second call will be ignored.
01-Aug-2024 21:16:51.522 INFO [http-nio-8080-exec-102] org.apache.catalina.startup.HostConfig.undeploy Undeploying context [/CrudMySQL]
01-Aug-2024 21:16:51.549 INFO [http-nio-8080-exec-112] org.apache.catalina.startup.HostConfig.deployDescriptor Deploying deployment descriptor [C:\Users\yohn\Desktop\Portafolio\Java\apache-tomcat-9.0.91-windows-x64\apache-tomcat-9.0.91\conf\Catalina\localhost\CrudMySQL.xml]
01-Aug-2024 21:16:51.550 WARNING [http-nio-8080-exec-112] org.apache.catalina.startup.HostConfig.deployDescriptor The path attribute with value [/CrudMySQL] in deployment descriptor [C:\Users\yohn\Desktop\Portafolio\Java\apache-tomcat-9.0.91-windows-x64\apache-tomcat-9.0.91\conf\Catalina\localhost\CrudMySQL.xml] has been ignored
01-Aug-2024 21:16:51.616 INFO [http-nio-8080-exec-112] org.apache.catalina.startup.HostConfig.deployDescriptor Deployment of deployment descriptor [C:\Users\yohn\Desktop\Portafolio\Java\apache-tomcat-9.0.91-windows-x64\apache-tomcat-9.0.91\conf\Catalina\localhost\CrudMySQL.xml] has finished in [67] ms
01-Aug-2024 21:16:51.619 INFO [http-nio-8080-exec-108] org.apache.catalina.util.LifecycleBase.start The start() method was called on component [StandardEngine[Catalina].StandardHost[localhost].StandardContext[/CrudMySQL]] after start() had already been called. The second call will be ignored.
01-Aug-2024 21:19:54.467 INFO [http-nio-8080-exec-122] org.apache.catalina.startup.HostConfig.undeploy Undeploying context [/CrudMySQL]
01-Aug-2024 21:19:54.494 INFO [http-nio-8080-exec-118] org.apache.catalina.startup.HostConfig.deployDescriptor Deploying deployment descriptor [C:\Users\yohn\Desktop\Portafolio\Java\apache-tomcat-9.0.91-windows-x64\apache-tomcat-9.0.91\conf\Catalina\localhost\CrudMySQL.xml]
01-Aug-2024 21:19:54.495 WARNING [http-nio-8080-exec-118] org.apache.catalina.startup.HostConfig.deployDescriptor The path attribute with value [/CrudMySQL] in deployment descriptor [C:\Users\yohn\Desktop\Portafolio\Java\apache-tomcat-9.0.91-windows-x64\apache-tomcat-9.0.91\conf\Catalina\localhost\CrudMySQL.xml] has been ignored
01-Aug-2024 21:19:54.546 INFO [http-nio-8080-exec-118] org.apache.catalina.startup.HostConfig.deployDescriptor Deployment of deployment descriptor [C:\Users\yohn\Desktop\Portafolio\Java\apache-tomcat-9.0.91-windows-x64\apache-tomcat-9.0.91\conf\Catalina\localhost\CrudMySQL.xml] has finished in [52] ms
01-Aug-2024 21:19:54.548 INFO [http-nio-8080-exec-116] org.apache.catalina.util.LifecycleBase.start The start() method was called on component [StandardEngine[Catalina].StandardHost[localhost].StandardContext[/CrudMySQL]] after start() had already been called. The second call will be ignored.
01-Aug-2024 22:03:29.388 INFO [http-nio-8080-exec-124] org.apache.catalina.startup.HostConfig.undeploy Undeploying context [/CrudMySQL]
01-Aug-2024 22:03:29.423 INFO [http-nio-8080-exec-132] org.apache.catalina.startup.HostConfig.deployDescriptor Deploying deployment descriptor [C:\Users\yohn\Desktop\Portafolio\Java\apache-tomcat-9.0.91-windows-x64\apache-tomcat-9.0.91\conf\Catalina\localhost\CrudMySQL.xml]
01-Aug-2024 22:03:29.425 WARNING [http-nio-8080-exec-132] org.apache.catalina.startup.HostConfig.deployDescriptor The path attribute with value [/CrudMySQL] in deployment descriptor [C:\Users\yohn\Desktop\Portafolio\Java\apache-tomcat-9.0.91-windows-x64\apache-tomcat-9.0.91\conf\Catalina\localhost\CrudMySQL.xml] has been ignored
01-Aug-2024 22:03:29.981 INFO [http-nio-8080-exec-132] org.apache.jasper.servlet.TldScanner.scanJars At least one JAR was scanned for TLDs yet contained no TLDs. Enable debug logging for this logger for a complete list of JARs that were scanned but no TLDs were found in them. Skipping unneeded JARs during scanning can improve startup time and JSP compilation time.
01-Aug-2024 22:03:29.985 INFO [http-nio-8080-exec-132] org.apache.catalina.startup.HostConfig.deployDescriptor Deployment of deployment descriptor [C:\Users\yohn\Desktop\Portafolio\Java\apache-tomcat-9.0.91-windows-x64\apache-tomcat-9.0.91\conf\Catalina\localhost\CrudMySQL.xml] has finished in [562] ms
01-Aug-2024 22:03:29.988 INFO [http-nio-8080-exec-131] org.apache.catalina.util.LifecycleBase.start The start() method was called on component [StandardEngine[Catalina].StandardHost[localhost].StandardContext[/CrudMySQL]] after start() had already been called. The second call will be ignored.
01-Aug-2024 22:03:52.721 INFO [main] org.apache.catalina.core.StandardServer.await A valid shutdown command was received via the shutdown port. Stopping the Server instance.
01-Aug-2024 22:03:52.721 INFO [main] org.apache.coyote.AbstractProtocol.pause Pausing ProtocolHandler ["http-nio-8080"]
01-Aug-2024 22:03:52.725 INFO [main] org.apache.catalina.core.StandardService.stopInternal Stopping service [Catalina]
01-Aug-2024 22:03:52.737 INFO [main] org.apache.coyote.AbstractProtocol.stop Stopping ProtocolHandler ["http-nio-8080"]
01-Aug-2024 22:03:52.755 INFO [main] org.apache.coyote.AbstractProtocol.destroy Destroying ProtocolHandler ["http-nio-8080"]
