02-Aug-2024 18:27:30.207 INFO [http-nio-8080-exec-4] org.apache.catalina.core.ApplicationContext.log Manager: init: Associated with Deployer 'Catalina:type=Deployer,host=localhost'
02-Aug-2024 18:27:30.207 INFO [http-nio-8080-exec-4] org.apache.catalina.core.ApplicationContext.log Manager: init: Global resources are available
02-Aug-2024 18:27:30.235 INFO [http-nio-8080-exec-7] org.apache.catalina.core.ApplicationContext.log Manager: list: Listing contexts for virtual host 'localhost'
02-Aug-2024 18:27:30.239 INFO [http-nio-8080-exec-8] org.apache.catalina.core.ApplicationContext.log Manager: list: Listing contexts for virtual host 'localhost'
02-Aug-2024 18:27:30.248 INFO [http-nio-8080-exec-9] org.apache.catalina.core.ApplicationContext.log Manager: undeploy: Undeploying web application at '/CrudMySQL'
02-Aug-2024 18:27:30.819 INFO [http-nio-8080-exec-8] org.apache.catalina.core.ApplicationContext.log Manager: install: Installing context configuration at 'file:/C:/Users/yohn/AppData/Local/Temp/context2712633932255911374.xml'
02-Aug-2024 18:27:31.523 INFO [http-nio-8080-exec-3] org.apache.catalina.core.ApplicationContext.log Manager: start: Starting web application '/CrudMySQL'
02-Aug-2024 18:28:48.442 INFO [http-nio-8080-exec-7] org.apache.catalina.core.ApplicationContext.log Manager: list: Listing contexts for virtual host 'localhost'
02-Aug-2024 18:28:48.445 INFO [http-nio-8080-exec-14] org.apache.catalina.core.ApplicationContext.log Manager: list: Listing contexts for virtual host 'localhost'
02-Aug-2024 18:28:48.451 INFO [http-nio-8080-exec-11] org.apache.catalina.core.ApplicationContext.log Manager: undeploy: Undeploying web application at '/CrudMySQL'
02-Aug-2024 18:28:48.989 INFO [http-nio-8080-exec-6] org.apache.catalina.core.ApplicationContext.log Manager: install: Installing context configuration at 'file:/C:/Users/yohn/AppData/Local/Temp/context10445479625054934252.xml'
02-Aug-2024 18:28:49.540 INFO [http-nio-8080-exec-12] org.apache.catalina.core.ApplicationContext.log Manager: start: Starting web application '/CrudMySQL'
02-Aug-2024 18:29:52.011 INFO [http-nio-8080-exec-24] org.apache.catalina.core.ApplicationContext.log Manager: list: Listing contexts for virtual host 'localhost'
02-Aug-2024 18:29:52.016 INFO [http-nio-8080-exec-17] org.apache.catalina.core.ApplicationContext.log Manager: list: Listing contexts for virtual host 'localhost'
02-Aug-2024 18:29:52.033 INFO [http-nio-8080-exec-21] org.apache.catalina.core.ApplicationContext.log Manager: undeploy: Undeploying web application at '/CrudMySQL'
02-Aug-2024 18:29:52.579 INFO [http-nio-8080-exec-22] org.apache.catalina.core.ApplicationContext.log Manager: install: Installing context configuration at 'file:/C:/Users/yohn/AppData/Local/Temp/context14145086155492538804.xml'
02-Aug-2024 18:29:53.137 INFO [http-nio-8080-exec-19] org.apache.catalina.core.ApplicationContext.log Manager: start: Starting web application '/CrudMySQL'
02-Aug-2024 19:18:34.757 INFO [http-nio-8080-exec-27] org.apache.catalina.core.ApplicationContext.log Manager: list: Listing contexts for virtual host 'localhost'
02-Aug-2024 19:18:34.759 INFO [http-nio-8080-exec-25] org.apache.catalina.core.ApplicationContext.log Manager: list: Listing contexts for virtual host 'localhost'
02-Aug-2024 19:18:34.768 INFO [http-nio-8080-exec-31] org.apache.catalina.core.ApplicationContext.log Manager: undeploy: Undeploying web application at '/CrudMySQL'
02-Aug-2024 19:18:35.308 INFO [http-nio-8080-exec-29] org.apache.catalina.core.ApplicationContext.log Manager: install: Installing context configuration at 'file:/C:/Users/yohn/AppData/Local/Temp/context6968218403511132547.xml'
02-Aug-2024 19:18:35.824 INFO [http-nio-8080-exec-33] org.apache.catalina.core.ApplicationContext.log Manager: start: Starting web application '/CrudMySQL'
02-Aug-2024 19:21:12.853 INFO [http-nio-8080-exec-41] org.apache.catalina.core.ApplicationContext.log Manager: list: Listing contexts for virtual host 'localhost'
02-Aug-2024 19:21:12.855 INFO [http-nio-8080-exec-37] org.apache.catalina.core.ApplicationContext.log Manager: list: Listing contexts for virtual host 'localhost'
02-Aug-2024 19:21:12.863 INFO [http-nio-8080-exec-42] org.apache.catalina.core.ApplicationContext.log Manager: undeploy: Undeploying web application at '/CrudMySQL'
02-Aug-2024 19:21:13.401 INFO [http-nio-8080-exec-41] org.apache.catalina.core.ApplicationContext.log Manager: install: Installing context configuration at 'file:/C:/Users/yohn/AppData/Local/Temp/context7595593472527585396.xml'
02-Aug-2024 19:21:13.928 INFO [http-nio-8080-exec-36] org.apache.catalina.core.ApplicationContext.log Manager: start: Starting web application '/CrudMySQL'
02-Aug-2024 19:26:56.511 INFO [http-nio-8080-exec-46] org.apache.catalina.core.ApplicationContext.log Manager: list: Listing contexts for virtual host 'localhost'
02-Aug-2024 19:26:56.513 INFO [http-nio-8080-exec-54] org.apache.catalina.core.ApplicationContext.log Manager: list: Listing contexts for virtual host 'localhost'
02-Aug-2024 19:26:56.520 INFO [http-nio-8080-exec-47] org.apache.catalina.core.ApplicationContext.log Manager: undeploy: Undeploying web application at '/CrudMySQL'
02-Aug-2024 19:26:57.071 INFO [http-nio-8080-exec-51] org.apache.catalina.core.ApplicationContext.log Manager: install: Installing context configuration at 'file:/C:/Users/yohn/AppData/Local/Temp/context12618037812416624243.xml'
02-Aug-2024 19:26:57.630 INFO [http-nio-8080-exec-49] org.apache.catalina.core.ApplicationContext.log Manager: start: Starting web application '/CrudMySQL'
02-Aug-2024 19:30:28.303 INFO [http-nio-8080-exec-61] org.apache.catalina.core.ApplicationContext.log Manager: list: Listing contexts for virtual host 'localhost'
02-Aug-2024 19:30:28.306 INFO [http-nio-8080-exec-62] org.apache.catalina.core.ApplicationContext.log Manager: list: Listing contexts for virtual host 'localhost'
02-Aug-2024 19:30:28.313 INFO [http-nio-8080-exec-64] org.apache.catalina.core.ApplicationContext.log Manager: undeploy: Undeploying web application at '/CrudMySQL'
02-Aug-2024 19:30:28.847 INFO [http-nio-8080-exec-57] org.apache.catalina.core.ApplicationContext.log Manager: install: Installing context configuration at 'file:/C:/Users/yohn/AppData/Local/Temp/context2308699757622725840.xml'
02-Aug-2024 19:30:29.352 INFO [http-nio-8080-exec-62] org.apache.catalina.core.ApplicationContext.log Manager: start: Starting web application '/CrudMySQL'
02-Aug-2024 19:31:45.736 INFO [http-nio-8080-exec-72] org.apache.catalina.core.ApplicationContext.log Manager: list: Listing contexts for virtual host 'localhost'
02-Aug-2024 19:31:45.738 INFO [http-nio-8080-exec-73] org.apache.catalina.core.ApplicationContext.log Manager: list: Listing contexts for virtual host 'localhost'
02-Aug-2024 19:31:45.744 INFO [http-nio-8080-exec-68] org.apache.catalina.core.ApplicationContext.log Manager: undeploy: Undeploying web application at '/CrudMySQL'
02-Aug-2024 19:31:46.283 INFO [http-nio-8080-exec-69] org.apache.catalina.core.ApplicationContext.log Manager: install: Installing context configuration at 'file:/C:/Users/yohn/AppData/Local/Temp/context10344978405863345749.xml'
02-Aug-2024 19:31:46.780 INFO [http-nio-8080-exec-70] org.apache.catalina.core.ApplicationContext.log Manager: start: Starting web application '/CrudMySQL'
02-Aug-2024 19:32:42.682 INFO [http-nio-8080-exec-76] org.apache.catalina.core.ApplicationContext.log Manager: list: Listing contexts for virtual host 'localhost'
02-Aug-2024 19:32:42.684 INFO [http-nio-8080-exec-78] org.apache.catalina.core.ApplicationContext.log Manager: list: Listing contexts for virtual host 'localhost'
02-Aug-2024 19:32:42.689 INFO [http-nio-8080-exec-77] org.apache.catalina.core.ApplicationContext.log Manager: undeploy: Undeploying web application at '/CrudMySQL'
02-Aug-2024 19:32:43.239 INFO [http-nio-8080-exec-78] org.apache.catalina.core.ApplicationContext.log Manager: install: Installing context configuration at 'file:/C:/Users/yohn/AppData/Local/Temp/context17690544543325216104.xml'
02-Aug-2024 19:32:43.741 INFO [http-nio-8080-exec-81] org.apache.catalina.core.ApplicationContext.log Manager: start: Starting web application '/CrudMySQL'
02-Aug-2024 19:33:24.649 INFO [http-nio-8080-exec-83] org.apache.catalina.core.ApplicationContext.log Manager: list: Listing contexts for virtual host 'localhost'
02-Aug-2024 19:33:24.651 INFO [http-nio-8080-exec-70] org.apache.catalina.core.ApplicationContext.log Manager: list: Listing contexts for virtual host 'localhost'
02-Aug-2024 19:33:24.659 INFO [http-nio-8080-exec-85] org.apache.catalina.core.ApplicationContext.log Manager: undeploy: Undeploying web application at '/CrudMySQL'
02-Aug-2024 19:33:25.203 INFO [http-nio-8080-exec-84] org.apache.catalina.core.ApplicationContext.log Manager: install: Installing context configuration at 'file:/C:/Users/yohn/AppData/Local/Temp/context9497647624519911183.xml'
02-Aug-2024 19:33:25.697 INFO [http-nio-8080-exec-77] org.apache.catalina.core.ApplicationContext.log Manager: start: Starting web application '/CrudMySQL'
02-Aug-2024 19:34:29.383 INFO [http-nio-8080-exec-93] org.apache.catalina.core.ApplicationContext.log Manager: list: Listing contexts for virtual host 'localhost'
02-Aug-2024 19:34:29.385 INFO [http-nio-8080-exec-94] org.apache.catalina.core.ApplicationContext.log Manager: list: Listing contexts for virtual host 'localhost'
02-Aug-2024 19:34:29.392 INFO [http-nio-8080-exec-89] org.apache.catalina.core.ApplicationContext.log Manager: undeploy: Undeploying web application at '/CrudMySQL'
02-Aug-2024 19:34:29.934 INFO [http-nio-8080-exec-91] org.apache.catalina.core.ApplicationContext.log Manager: install: Installing context configuration at 'file:/C:/Users/yohn/AppData/Local/Temp/context17888882854745474468.xml'
02-Aug-2024 19:34:30.437 INFO [http-nio-8080-exec-93] org.apache.catalina.core.ApplicationContext.log Manager: start: Starting web application '/CrudMySQL'
02-Aug-2024 19:34:54.282 INFO [http-nio-8080-exec-99] org.apache.catalina.core.ApplicationContext.log Manager: list: Listing contexts for virtual host 'localhost'
02-Aug-2024 19:34:54.284 INFO [http-nio-8080-exec-100] org.apache.catalina.core.ApplicationContext.log Manager: list: Listing contexts for virtual host 'localhost'
02-Aug-2024 19:34:54.291 INFO [http-nio-8080-exec-101] org.apache.catalina.core.ApplicationContext.log Manager: undeploy: Undeploying web application at '/CrudMySQL'
02-Aug-2024 19:34:54.830 INFO [http-nio-8080-exec-102] org.apache.catalina.core.ApplicationContext.log Manager: install: Installing context configuration at 'file:/C:/Users/yohn/AppData/Local/Temp/context888312510085710121.xml'
02-Aug-2024 19:34:55.327 INFO [http-nio-8080-exec-97] org.apache.catalina.core.ApplicationContext.log Manager: start: Starting web application '/CrudMySQL'
02-Aug-2024 19:36:04.058 INFO [http-nio-8080-exec-104] org.apache.catalina.core.ApplicationContext.log Manager: list: Listing contexts for virtual host 'localhost'
02-Aug-2024 19:36:04.059 INFO [http-nio-8080-exec-112] org.apache.catalina.core.ApplicationContext.log Manager: list: Listing contexts for virtual host 'localhost'
02-Aug-2024 19:36:04.065 INFO [http-nio-8080-exec-110] org.apache.catalina.core.ApplicationContext.log Manager: undeploy: Undeploying web application at '/CrudMySQL'
02-Aug-2024 19:36:04.600 INFO [http-nio-8080-exec-107] org.apache.catalina.core.ApplicationContext.log Manager: install: Installing context configuration at 'file:/C:/Users/yohn/AppData/Local/Temp/context1816343432077866585.xml'
02-Aug-2024 19:36:05.100 INFO [http-nio-8080-exec-112] org.apache.catalina.core.ApplicationContext.log Manager: start: Starting web application '/CrudMySQL'
02-Aug-2024 19:36:58.483 INFO [http-nio-8080-exec-118] org.apache.catalina.core.ApplicationContext.log Manager: list: Listing contexts for virtual host 'localhost'
02-Aug-2024 19:36:58.484 INFO [http-nio-8080-exec-117] org.apache.catalina.core.ApplicationContext.log Manager: list: Listing contexts for virtual host 'localhost'
02-Aug-2024 19:36:58.491 INFO [http-nio-8080-exec-119] org.apache.catalina.core.ApplicationContext.log Manager: undeploy: Undeploying web application at '/CrudMySQL'
02-Aug-2024 19:36:59.032 INFO [http-nio-8080-exec-116] org.apache.catalina.core.ApplicationContext.log Manager: install: Installing context configuration at 'file:/C:/Users/yohn/AppData/Local/Temp/context8392822152118667249.xml'
02-Aug-2024 19:36:59.555 INFO [http-nio-8080-exec-118] org.apache.catalina.core.ApplicationContext.log Manager: start: Starting web application '/CrudMySQL'
02-Aug-2024 19:37:35.011 INFO [http-nio-8080-exec-112] org.apache.catalina.core.ApplicationContext.log Manager: list: Listing contexts for virtual host 'localhost'
02-Aug-2024 19:37:35.013 INFO [http-nio-8080-exec-123] org.apache.catalina.core.ApplicationContext.log Manager: list: Listing contexts for virtual host 'localhost'
02-Aug-2024 19:37:35.018 INFO [http-nio-8080-exec-122] org.apache.catalina.core.ApplicationContext.log Manager: undeploy: Undeploying web application at '/CrudMySQL'
02-Aug-2024 19:37:35.551 INFO [http-nio-8080-exec-120] org.apache.catalina.core.ApplicationContext.log Manager: install: Installing context configuration at 'file:/C:/Users/yohn/AppData/Local/Temp/context6949617249922809811.xml'
02-Aug-2024 19:37:36.053 INFO [http-nio-8080-exec-116] org.apache.catalina.core.ApplicationContext.log Manager: start: Starting web application '/CrudMySQL'
02-Aug-2024 19:38:31.026 INFO [http-nio-8080-exec-130] org.apache.catalina.core.ApplicationContext.log Manager: list: Listing contexts for virtual host 'localhost'
02-Aug-2024 19:38:31.027 INFO [http-nio-8080-exec-129] org.apache.catalina.core.ApplicationContext.log Manager: list: Listing contexts for virtual host 'localhost'
02-Aug-2024 19:38:31.034 INFO [http-nio-8080-exec-131] org.apache.catalina.core.ApplicationContext.log Manager: undeploy: Undeploying web application at '/CrudMySQL'
02-Aug-2024 19:38:31.580 INFO [http-nio-8080-exec-126] org.apache.catalina.core.ApplicationContext.log Manager: install: Installing context configuration at 'file:/C:/Users/yohn/AppData/Local/Temp/context5076176828304203506.xml'
02-Aug-2024 19:38:32.132 INFO [http-nio-8080-exec-132] org.apache.catalina.core.ApplicationContext.log Manager: start: Starting web application '/CrudMySQL'
02-Aug-2024 19:42:46.495 INFO [http-nio-8080-exec-135] org.apache.catalina.core.ApplicationContext.log Manager: list: Listing contexts for virtual host 'localhost'
02-Aug-2024 19:42:46.498 INFO [http-nio-8080-exec-136] org.apache.catalina.core.ApplicationContext.log Manager: list: Listing contexts for virtual host 'localhost'
02-Aug-2024 19:42:46.504 INFO [http-nio-8080-exec-137] org.apache.catalina.core.ApplicationContext.log Manager: undeploy: Undeploying web application at '/CrudMySQL'
02-Aug-2024 19:42:47.043 INFO [http-nio-8080-exec-136] org.apache.catalina.core.ApplicationContext.log Manager: install: Installing context configuration at 'file:/C:/Users/yohn/AppData/Local/Temp/context9749579089189123019.xml'
02-Aug-2024 19:42:47.543 INFO [http-nio-8080-exec-134] org.apache.catalina.core.ApplicationContext.log Manager: start: Starting web application '/CrudMySQL'
02-Aug-2024 19:44:16.548 INFO [http-nio-8080-exec-151] org.apache.catalina.core.ApplicationContext.log Manager: list: Listing contexts for virtual host 'localhost'
02-Aug-2024 19:44:16.550 INFO [http-nio-8080-exec-150] org.apache.catalina.core.ApplicationContext.log Manager: list: Listing contexts for virtual host 'localhost'
02-Aug-2024 19:44:16.556 INFO [http-nio-8080-exec-152] org.apache.catalina.core.ApplicationContext.log Manager: undeploy: Undeploying web application at '/CrudMySQL'
02-Aug-2024 19:44:17.098 INFO [http-nio-8080-exec-147] org.apache.catalina.core.ApplicationContext.log Manager: install: Installing context configuration at 'file:/C:/Users/yohn/AppData/Local/Temp/context15900635785322207249.xml'
02-Aug-2024 19:44:17.583 INFO [http-nio-8080-exec-149] org.apache.catalina.core.ApplicationContext.log Manager: start: Starting web application '/CrudMySQL'
02-Aug-2024 19:45:22.703 INFO [http-nio-8080-exec-157] org.apache.catalina.core.ApplicationContext.log Manager: list: Listing contexts for virtual host 'localhost'
02-Aug-2024 19:45:22.705 INFO [http-nio-8080-exec-143] org.apache.catalina.core.ApplicationContext.log Manager: list: Listing contexts for virtual host 'localhost'
02-Aug-2024 19:45:22.710 INFO [http-nio-8080-exec-158] org.apache.catalina.core.ApplicationContext.log Manager: undeploy: Undeploying web application at '/CrudMySQL'
02-Aug-2024 19:45:23.235 INFO [http-nio-8080-exec-155] org.apache.catalina.core.ApplicationContext.log Manager: install: Installing context configuration at 'file:/C:/Users/yohn/AppData/Local/Temp/context17293546375216412528.xml'
02-Aug-2024 19:45:23.723 INFO [http-nio-8080-exec-153] org.apache.catalina.core.ApplicationContext.log Manager: start: Starting web application '/CrudMySQL'
02-Aug-2024 19:45:58.763 INFO [http-nio-8080-exec-152] org.apache.catalina.core.ApplicationContext.log Manager: list: Listing contexts for virtual host 'localhost'
02-Aug-2024 19:45:58.765 INFO [http-nio-8080-exec-154] org.apache.catalina.core.ApplicationContext.log Manager: list: Listing contexts for virtual host 'localhost'
02-Aug-2024 19:45:58.771 INFO [http-nio-8080-exec-163] org.apache.catalina.core.ApplicationContext.log Manager: undeploy: Undeploying web application at '/CrudMySQL'
02-Aug-2024 19:45:59.312 INFO [http-nio-8080-exec-164] org.apache.catalina.core.ApplicationContext.log Manager: install: Installing context configuration at 'file:/C:/Users/yohn/AppData/Local/Temp/context3634960252203960722.xml'
02-Aug-2024 19:45:59.803 INFO [http-nio-8080-exec-143] org.apache.catalina.core.ApplicationContext.log Manager: start: Starting web application '/CrudMySQL'
02-Aug-2024 19:46:44.713 INFO [http-nio-8080-exec-171] org.apache.catalina.core.ApplicationContext.log Manager: list: Listing contexts for virtual host 'localhost'
02-Aug-2024 19:46:44.715 INFO [http-nio-8080-exec-170] org.apache.catalina.core.ApplicationContext.log Manager: list: Listing contexts for virtual host 'localhost'
02-Aug-2024 19:46:44.721 INFO [http-nio-8080-exec-172] org.apache.catalina.core.ApplicationContext.log Manager: undeploy: Undeploying web application at '/CrudMySQL'
02-Aug-2024 19:46:45.267 INFO [http-nio-8080-exec-170] org.apache.catalina.core.ApplicationContext.log Manager: install: Installing context configuration at 'file:/C:/Users/yohn/AppData/Local/Temp/context13411488164660465662.xml'
02-Aug-2024 19:46:45.798 INFO [http-nio-8080-exec-168] org.apache.catalina.core.ApplicationContext.log Manager: start: Starting web application '/CrudMySQL'
02-Aug-2024 19:47:12.974 INFO [http-nio-8080-exec-177] org.apache.catalina.core.ApplicationContext.log Manager: list: Listing contexts for virtual host 'localhost'
02-Aug-2024 19:47:12.982 INFO [http-nio-8080-exec-178] org.apache.catalina.core.ApplicationContext.log Manager: list: Listing contexts for virtual host 'localhost'
02-Aug-2024 19:47:12.989 INFO [http-nio-8080-exec-179] org.apache.catalina.core.ApplicationContext.log Manager: undeploy: Undeploying web application at '/CrudMySQL'
02-Aug-2024 19:47:13.541 INFO [http-nio-8080-exec-170] org.apache.catalina.core.ApplicationContext.log Manager: install: Installing context configuration at 'file:/C:/Users/yohn/AppData/Local/Temp/context11907447988883943129.xml'
02-Aug-2024 19:47:14.037 INFO [http-nio-8080-exec-176] org.apache.catalina.core.ApplicationContext.log Manager: start: Starting web application '/CrudMySQL'
02-Aug-2024 19:47:27.620 INFO [http-nio-8080-exec-175] org.apache.catalina.core.ApplicationContext.log Manager: list: Listing contexts for virtual host 'localhost'
02-Aug-2024 19:47:27.622 INFO [http-nio-8080-exec-181] org.apache.catalina.core.ApplicationContext.log Manager: list: Listing contexts for virtual host 'localhost'
02-Aug-2024 19:47:27.628 INFO [http-nio-8080-exec-170] org.apache.catalina.core.ApplicationContext.log Manager: undeploy: Undeploying web application at '/CrudMySQL'
02-Aug-2024 19:47:28.171 INFO [http-nio-8080-exec-172] org.apache.catalina.core.ApplicationContext.log Manager: install: Installing context configuration at 'file:/C:/Users/yohn/AppData/Local/Temp/context3725957210557718495.xml'
02-Aug-2024 19:47:28.682 INFO [http-nio-8080-exec-182] org.apache.catalina.core.ApplicationContext.log Manager: start: Starting web application '/CrudMySQL'
02-Aug-2024 19:48:02.690 INFO [http-nio-8080-exec-189] org.apache.catalina.core.ApplicationContext.log Manager: list: Listing contexts for virtual host 'localhost'
02-Aug-2024 19:48:02.692 INFO [http-nio-8080-exec-188] org.apache.catalina.core.ApplicationContext.log Manager: list: Listing contexts for virtual host 'localhost'
02-Aug-2024 19:48:02.698 INFO [http-nio-8080-exec-190] org.apache.catalina.core.ApplicationContext.log Manager: undeploy: Undeploying web application at '/CrudMySQL'
02-Aug-2024 19:48:03.241 INFO [http-nio-8080-exec-192] org.apache.catalina.core.ApplicationContext.log Manager: install: Installing context configuration at 'file:/C:/Users/yohn/AppData/Local/Temp/context5390774302536246240.xml'
02-Aug-2024 19:48:03.739 INFO [http-nio-8080-exec-191] org.apache.catalina.core.ApplicationContext.log Manager: start: Starting web application '/CrudMySQL'
02-Aug-2024 19:48:39.965 INFO [http-nio-8080-exec-196] org.apache.catalina.core.ApplicationContext.log Manager: list: Listing contexts for virtual host 'localhost'
02-Aug-2024 19:48:39.966 INFO [http-nio-8080-exec-199] org.apache.catalina.core.ApplicationContext.log Manager: list: Listing contexts for virtual host 'localhost'
02-Aug-2024 19:48:39.972 INFO [http-nio-8080-exec-198] org.apache.catalina.core.ApplicationContext.log Manager: undeploy: Undeploying web application at '/CrudMySQL'
02-Aug-2024 19:48:40.509 INFO [http-nio-8080-exec-200] org.apache.catalina.core.ApplicationContext.log Manager: install: Installing context configuration at 'file:/C:/Users/yohn/AppData/Local/Temp/context12573799444929221256.xml'
02-Aug-2024 19:48:41.014 INFO [http-nio-8080-exec-202] org.apache.catalina.core.ApplicationContext.log Manager: start: Starting web application '/CrudMySQL'
02-Aug-2024 19:49:50.466 INFO [http-nio-8080-exec-194] org.apache.catalina.core.ApplicationContext.log Manager: list: Listing contexts for virtual host 'localhost'
02-Aug-2024 19:49:50.468 INFO [http-nio-8080-exec-209] org.apache.catalina.core.ApplicationContext.log Manager: list: Listing contexts for virtual host 'localhost'
02-Aug-2024 19:49:50.473 INFO [http-nio-8080-exec-197] org.apache.catalina.core.ApplicationContext.log Manager: undeploy: Undeploying web application at '/CrudMySQL'
02-Aug-2024 19:49:51.016 INFO [http-nio-8080-exec-205] org.apache.catalina.core.ApplicationContext.log Manager: install: Installing context configuration at 'file:/C:/Users/yohn/AppData/Local/Temp/context8139008449735457652.xml'
02-Aug-2024 19:49:51.566 INFO [http-nio-8080-exec-208] org.apache.catalina.core.ApplicationContext.log Manager: start: Starting web application '/CrudMySQL'
02-Aug-2024 19:50:33.956 INFO [http-nio-8080-exec-212] org.apache.catalina.core.ApplicationContext.log Manager: list: Listing contexts for virtual host 'localhost'
02-Aug-2024 19:50:33.958 INFO [http-nio-8080-exec-214] org.apache.catalina.core.ApplicationContext.log Manager: list: Listing contexts for virtual host 'localhost'
02-Aug-2024 19:50:33.965 INFO [http-nio-8080-exec-215] org.apache.catalina.core.ApplicationContext.log Manager: undeploy: Undeploying web application at '/CrudMySQL'
02-Aug-2024 19:50:34.509 INFO [http-nio-8080-exec-209] org.apache.catalina.core.ApplicationContext.log Manager: install: Installing context configuration at 'file:/C:/Users/yohn/AppData/Local/Temp/context18228969790354102698.xml'
02-Aug-2024 19:50:35.014 INFO [http-nio-8080-exec-213] org.apache.catalina.core.ApplicationContext.log Manager: start: Starting web application '/CrudMySQL'
02-Aug-2024 19:52:15.161 INFO [http-nio-8080-exec-218] org.apache.catalina.core.ApplicationContext.log Manager: list: Listing contexts for virtual host 'localhost'
02-Aug-2024 19:52:15.163 INFO [http-nio-8080-exec-225] org.apache.catalina.core.ApplicationContext.log Manager: list: Listing contexts for virtual host 'localhost'
02-Aug-2024 19:52:15.170 INFO [http-nio-8080-exec-226] org.apache.catalina.core.ApplicationContext.log Manager: undeploy: Undeploying web application at '/CrudMySQL'
02-Aug-2024 19:52:15.715 INFO [http-nio-8080-exec-225] org.apache.catalina.core.ApplicationContext.log Manager: install: Installing context configuration at 'file:/C:/Users/yohn/AppData/Local/Temp/context8901040196621326319.xml'
02-Aug-2024 19:52:16.222 INFO [http-nio-8080-exec-219] org.apache.catalina.core.ApplicationContext.log Manager: start: Starting web application '/CrudMySQL'
02-Aug-2024 19:52:39.068 INFO [http-nio-8080-exec-232] org.apache.catalina.core.ApplicationContext.log Manager: list: Listing contexts for virtual host 'localhost'
02-Aug-2024 19:52:39.070 INFO [http-nio-8080-exec-228] org.apache.catalina.core.ApplicationContext.log Manager: list: Listing contexts for virtual host 'localhost'
02-Aug-2024 19:52:39.077 INFO [http-nio-8080-exec-234] org.apache.catalina.core.ApplicationContext.log Manager: undeploy: Undeploying web application at '/CrudMySQL'
02-Aug-2024 19:52:39.618 INFO [http-nio-8080-exec-231] org.apache.catalina.core.ApplicationContext.log Manager: install: Installing context configuration at 'file:/C:/Users/yohn/AppData/Local/Temp/context12956264671291324089.xml'
02-Aug-2024 19:52:40.127 INFO [http-nio-8080-exec-233] org.apache.catalina.core.ApplicationContext.log Manager: start: Starting web application '/CrudMySQL'
02-Aug-2024 19:53:16.996 INFO [http-nio-8080-exec-220] org.apache.catalina.core.ApplicationContext.log Manager: list: Listing contexts for virtual host 'localhost'
02-Aug-2024 19:53:16.999 INFO [http-nio-8080-exec-241] org.apache.catalina.core.ApplicationContext.log Manager: list: Listing contexts for virtual host 'localhost'
02-Aug-2024 19:53:17.004 INFO [http-nio-8080-exec-238] org.apache.catalina.core.ApplicationContext.log Manager: undeploy: Undeploying web application at '/CrudMySQL'
02-Aug-2024 19:53:17.553 INFO [http-nio-8080-exec-241] org.apache.catalina.core.ApplicationContext.log Manager: install: Installing context configuration at 'file:/C:/Users/yohn/AppData/Local/Temp/context5762160544295329354.xml'
02-Aug-2024 19:53:18.045 INFO [http-nio-8080-exec-239] org.apache.catalina.core.ApplicationContext.log Manager: start: Starting web application '/CrudMySQL'
02-Aug-2024 19:55:58.910 INFO [http-nio-8080-exec-252] org.apache.catalina.core.ApplicationContext.log Manager: list: Listing contexts for virtual host 'localhost'
02-Aug-2024 19:55:58.911 INFO [http-nio-8080-exec-253] org.apache.catalina.core.ApplicationContext.log Manager: list: Listing contexts for virtual host 'localhost'
02-Aug-2024 19:55:58.919 INFO [http-nio-8080-exec-245] org.apache.catalina.core.ApplicationContext.log Manager: undeploy: Undeploying web application at '/CrudMySQL'
02-Aug-2024 19:55:59.458 INFO [http-nio-8080-exec-247] org.apache.catalina.core.ApplicationContext.log Manager: install: Installing context configuration at 'file:/C:/Users/yohn/AppData/Local/Temp/context3240909650630054684.xml'
02-Aug-2024 19:55:59.972 INFO [http-nio-8080-exec-248] org.apache.catalina.core.ApplicationContext.log Manager: start: Starting web application '/CrudMySQL'
02-Aug-2024 19:58:28.670 INFO [http-nio-8080-exec-262] org.apache.catalina.core.ApplicationContext.log Manager: list: Listing contexts for virtual host 'localhost'
02-Aug-2024 19:58:28.672 INFO [http-nio-8080-exec-255] org.apache.catalina.core.ApplicationContext.log Manager: list: Listing contexts for virtual host 'localhost'
02-Aug-2024 19:58:28.681 INFO [http-nio-8080-exec-256] org.apache.catalina.core.ApplicationContext.log Manager: undeploy: Undeploying web application at '/CrudMySQL'
02-Aug-2024 19:58:29.229 INFO [http-nio-8080-exec-261] org.apache.catalina.core.ApplicationContext.log Manager: install: Installing context configuration at 'file:/C:/Users/yohn/AppData/Local/Temp/context18015543667615422801.xml'
02-Aug-2024 19:58:29.727 INFO [http-nio-8080-exec-258] org.apache.catalina.core.ApplicationContext.log Manager: start: Starting web application '/CrudMySQL'
02-Aug-2024 20:00:32.729 INFO [http-nio-8080-exec-270] org.apache.catalina.core.ApplicationContext.log Manager: list: Listing contexts for virtual host 'localhost'
02-Aug-2024 20:00:32.731 INFO [http-nio-8080-exec-271] org.apache.catalina.core.ApplicationContext.log Manager: list: Listing contexts for virtual host 'localhost'
02-Aug-2024 20:00:32.737 INFO [http-nio-8080-exec-272] org.apache.catalina.core.ApplicationContext.log Manager: undeploy: Undeploying web application at '/CrudMySQL'
02-Aug-2024 20:00:33.278 INFO [http-nio-8080-exec-273] org.apache.catalina.core.ApplicationContext.log Manager: install: Installing context configuration at 'file:/C:/Users/yohn/AppData/Local/Temp/context7158759825947939031.xml'
02-Aug-2024 20:00:33.772 INFO [http-nio-8080-exec-264] org.apache.catalina.core.ApplicationContext.log Manager: start: Starting web application '/CrudMySQL'
02-Aug-2024 20:09:53.229 INFO [http-nio-8080-exec-4] org.apache.catalina.core.ApplicationContext.log Manager: init: Associated with Deployer 'Catalina:type=Deployer,host=localhost'
02-Aug-2024 20:09:53.229 INFO [http-nio-8080-exec-4] org.apache.catalina.core.ApplicationContext.log Manager: init: Global resources are available
02-Aug-2024 20:09:53.254 INFO [http-nio-8080-exec-8] org.apache.catalina.core.ApplicationContext.log Manager: list: Listing contexts for virtual host 'localhost'
02-Aug-2024 20:09:53.258 INFO [http-nio-8080-exec-7] org.apache.catalina.core.ApplicationContext.log Manager: list: Listing contexts for virtual host 'localhost'
02-Aug-2024 20:09:53.267 INFO [http-nio-8080-exec-9] org.apache.catalina.core.ApplicationContext.log Manager: undeploy: Undeploying web application at '/CrudMySQL'
02-Aug-2024 20:09:53.818 INFO [http-nio-8080-exec-10] org.apache.catalina.core.ApplicationContext.log Manager: install: Installing context configuration at 'file:/C:/Users/yohn/AppData/Local/Temp/context1953001014798405252.xml'
02-Aug-2024 20:09:54.502 INFO [http-nio-8080-exec-4] org.apache.catalina.core.ApplicationContext.log Manager: start: Starting web application '/CrudMySQL'
02-Aug-2024 20:16:50.622 INFO [http-nio-8080-exec-4] org.apache.catalina.core.ApplicationContext.log Manager: init: Associated with Deployer 'Catalina:type=Deployer,host=localhost'
02-Aug-2024 20:16:50.622 INFO [http-nio-8080-exec-4] org.apache.catalina.core.ApplicationContext.log Manager: init: Global resources are available
02-Aug-2024 20:16:50.650 INFO [http-nio-8080-exec-7] org.apache.catalina.core.ApplicationContext.log Manager: list: Listing contexts for virtual host 'localhost'
02-Aug-2024 20:16:50.653 INFO [http-nio-8080-exec-8] org.apache.catalina.core.ApplicationContext.log Manager: list: Listing contexts for virtual host 'localhost'
02-Aug-2024 20:16:50.665 INFO [http-nio-8080-exec-9] org.apache.catalina.core.ApplicationContext.log Manager: undeploy: Undeploying web application at '/CrudMySQL'
02-Aug-2024 20:16:51.230 INFO [http-nio-8080-exec-7] org.apache.catalina.core.ApplicationContext.log Manager: install: Installing context configuration at 'file:/C:/Users/yohn/AppData/Local/Temp/context11069926900060014776.xml'
02-Aug-2024 20:16:51.855 INFO [http-nio-8080-exec-6] org.apache.catalina.core.ApplicationContext.log Manager: start: Starting web application '/CrudMySQL'
02-Aug-2024 20:17:35.725 INFO [http-nio-8080-exec-14] org.apache.catalina.core.ApplicationContext.log Manager: list: Listing contexts for virtual host 'localhost'
02-Aug-2024 20:17:35.728 INFO [http-nio-8080-exec-16] org.apache.catalina.core.ApplicationContext.log Manager: list: Listing contexts for virtual host 'localhost'
02-Aug-2024 20:17:35.735 INFO [http-nio-8080-exec-15] org.apache.catalina.core.ApplicationContext.log Manager: undeploy: Undeploying web application at '/CrudMySQL'
02-Aug-2024 20:17:36.278 INFO [http-nio-8080-exec-13] org.apache.catalina.core.ApplicationContext.log Manager: install: Installing context configuration at 'file:/C:/Users/yohn/AppData/Local/Temp/context11415761237274721499.xml'
02-Aug-2024 20:17:36.814 INFO [http-nio-8080-exec-12] org.apache.catalina.core.ApplicationContext.log Manager: start: Starting web application '/CrudMySQL'
02-Aug-2024 20:19:14.596 INFO [http-nio-8080-exec-11] org.apache.catalina.core.ApplicationContext.log Manager: list: Listing contexts for virtual host 'localhost'
02-Aug-2024 20:19:14.598 INFO [http-nio-8080-exec-18] org.apache.catalina.core.ApplicationContext.log Manager: list: Listing contexts for virtual host 'localhost'
02-Aug-2024 20:19:14.606 INFO [http-nio-8080-exec-16] org.apache.catalina.core.ApplicationContext.log Manager: undeploy: Undeploying web application at '/CrudMySQL'
02-Aug-2024 20:19:15.136 INFO [http-nio-8080-exec-24] org.apache.catalina.core.ApplicationContext.log Manager: install: Installing context configuration at 'file:/C:/Users/yohn/AppData/Local/Temp/context11944953053570264858.xml'
02-Aug-2024 20:19:15.646 INFO [http-nio-8080-exec-22] org.apache.catalina.core.ApplicationContext.log Manager: start: Starting web application '/CrudMySQL'
02-Aug-2024 20:22:38.911 INFO [http-nio-8080-exec-32] org.apache.catalina.core.ApplicationContext.log Manager: list: Listing contexts for virtual host 'localhost'
02-Aug-2024 20:22:38.913 INFO [http-nio-8080-exec-33] org.apache.catalina.core.ApplicationContext.log Manager: list: Listing contexts for virtual host 'localhost'
02-Aug-2024 20:22:38.919 INFO [http-nio-8080-exec-26] org.apache.catalina.core.ApplicationContext.log Manager: undeploy: Undeploying web application at '/CrudMySQL'
02-Aug-2024 20:22:39.463 INFO [http-nio-8080-exec-34] org.apache.catalina.core.ApplicationContext.log Manager: install: Installing context configuration at 'file:/C:/Users/yohn/AppData/Local/Temp/context5838755693747413206.xml'
02-Aug-2024 20:22:40.021 INFO [http-nio-8080-exec-35] org.apache.catalina.core.ApplicationContext.log Manager: start: Starting web application '/CrudMySQL'
02-Aug-2024 20:24:33.926 INFO [http-nio-8080-exec-41] org.apache.catalina.core.ApplicationContext.log Manager: list: Listing contexts for virtual host 'localhost'
02-Aug-2024 20:24:33.928 INFO [http-nio-8080-exec-42] org.apache.catalina.core.ApplicationContext.log Manager: list: Listing contexts for virtual host 'localhost'
02-Aug-2024 20:24:33.936 INFO [http-nio-8080-exec-36] org.apache.catalina.core.ApplicationContext.log Manager: undeploy: Undeploying web application at '/CrudMySQL'
02-Aug-2024 20:24:34.488 INFO [http-nio-8080-exec-38] org.apache.catalina.core.ApplicationContext.log Manager: install: Installing context configuration at 'file:/C:/Users/yohn/AppData/Local/Temp/context12791463530057430764.xml'
02-Aug-2024 20:24:35.020 INFO [http-nio-8080-exec-39] org.apache.catalina.core.ApplicationContext.log Manager: start: Starting web application '/CrudMySQL'
02-Aug-2024 20:26:07.462 INFO [http-nio-8080-exec-46] org.apache.catalina.core.ApplicationContext.log Manager: list: Listing contexts for virtual host 'localhost'
02-Aug-2024 20:26:07.464 INFO [http-nio-8080-exec-51] org.apache.catalina.core.ApplicationContext.log Manager: list: Listing contexts for virtual host 'localhost'
02-Aug-2024 20:26:07.471 INFO [http-nio-8080-exec-52] org.apache.catalina.core.ApplicationContext.log Manager: undeploy: Undeploying web application at '/CrudMySQL'
02-Aug-2024 20:26:08.015 INFO [http-nio-8080-exec-53] org.apache.catalina.core.ApplicationContext.log Manager: install: Installing context configuration at 'file:/C:/Users/yohn/AppData/Local/Temp/context12589761255919066637.xml'
02-Aug-2024 20:26:08.529 INFO [http-nio-8080-exec-39] org.apache.catalina.core.ApplicationContext.log Manager: start: Starting web application '/CrudMySQL'
02-Aug-2024 20:29:43.396 INFO [http-nio-8080-exec-60] org.apache.catalina.core.ApplicationContext.log Manager: list: Listing contexts for virtual host 'localhost'
02-Aug-2024 20:29:43.398 INFO [http-nio-8080-exec-61] org.apache.catalina.core.ApplicationContext.log Manager: list: Listing contexts for virtual host 'localhost'
02-Aug-2024 20:29:43.417 INFO [http-nio-8080-exec-62] org.apache.catalina.core.ApplicationContext.log Manager: undeploy: Undeploying web application at '/CrudMySQL'
02-Aug-2024 20:29:43.962 INFO [http-nio-8080-exec-55] org.apache.catalina.core.ApplicationContext.log Manager: install: Installing context configuration at 'file:/C:/Users/yohn/AppData/Local/Temp/context5663733926604683263.xml'
02-Aug-2024 20:29:44.460 INFO [http-nio-8080-exec-61] org.apache.catalina.core.ApplicationContext.log Manager: start: Starting web application '/CrudMySQL'
02-Aug-2024 20:30:18.402 INFO [http-nio-8080-exec-69] org.apache.catalina.core.ApplicationContext.log Manager: list: Listing contexts for virtual host 'localhost'
02-Aug-2024 20:30:18.404 INFO [http-nio-8080-exec-70] org.apache.catalina.core.ApplicationContext.log Manager: list: Listing contexts for virtual host 'localhost'
02-Aug-2024 20:30:18.410 INFO [http-nio-8080-exec-71] org.apache.catalina.core.ApplicationContext.log Manager: undeploy: Undeploying web application at '/CrudMySQL'
02-Aug-2024 20:30:18.945 INFO [http-nio-8080-exec-67] org.apache.catalina.core.ApplicationContext.log Manager: install: Installing context configuration at 'file:/C:/Users/yohn/AppData/Local/Temp/context6446508897631223948.xml'
02-Aug-2024 20:30:19.438 INFO [http-nio-8080-exec-61] org.apache.catalina.core.ApplicationContext.log Manager: start: Starting web application '/CrudMySQL'
02-Aug-2024 20:31:34.295 INFO [http-nio-8080-exec-82] org.apache.catalina.core.ApplicationContext.log Manager: list: Listing contexts for virtual host 'localhost'
02-Aug-2024 20:31:34.297 INFO [http-nio-8080-exec-74] org.apache.catalina.core.ApplicationContext.log Manager: list: Listing contexts for virtual host 'localhost'
02-Aug-2024 20:31:34.303 INFO [http-nio-8080-exec-83] org.apache.catalina.core.ApplicationContext.log Manager: undeploy: Undeploying web application at '/CrudMySQL'
02-Aug-2024 20:31:34.850 INFO [http-nio-8080-exec-74] org.apache.catalina.core.ApplicationContext.log Manager: install: Installing context configuration at 'file:/C:/Users/yohn/AppData/Local/Temp/context12189313639460381264.xml'
02-Aug-2024 20:31:35.354 INFO [http-nio-8080-exec-78] org.apache.catalina.core.ApplicationContext.log Manager: start: Starting web application '/CrudMySQL'
02-Aug-2024 20:32:44.320 INFO [http-nio-8080-exec-91] org.apache.catalina.core.ApplicationContext.log Manager: list: Listing contexts for virtual host 'localhost'
02-Aug-2024 20:32:44.322 INFO [http-nio-8080-exec-84] org.apache.catalina.core.ApplicationContext.log Manager: list: Listing contexts for virtual host 'localhost'
02-Aug-2024 20:32:44.328 INFO [http-nio-8080-exec-93] org.apache.catalina.core.ApplicationContext.log Manager: undeploy: Undeploying web application at '/CrudMySQL'
02-Aug-2024 20:32:44.871 INFO [http-nio-8080-exec-92] org.apache.catalina.core.ApplicationContext.log Manager: install: Installing context configuration at 'file:/C:/Users/yohn/AppData/Local/Temp/context9610577516579192784.xml'
02-Aug-2024 20:32:45.364 INFO [http-nio-8080-exec-90] org.apache.catalina.core.ApplicationContext.log Manager: start: Starting web application '/CrudMySQL'
02-Aug-2024 20:48:18.540 INFO [http-nio-8080-exec-97] org.apache.catalina.core.ApplicationContext.log Manager: list: Listing contexts for virtual host 'localhost'
02-Aug-2024 20:48:18.543 INFO [http-nio-8080-exec-98] org.apache.catalina.core.ApplicationContext.log Manager: list: Listing contexts for virtual host 'localhost'
02-Aug-2024 20:48:18.550 INFO [http-nio-8080-exec-103] org.apache.catalina.core.ApplicationContext.log Manager: undeploy: Undeploying web application at '/CrudMySQL'
02-Aug-2024 20:48:19.084 INFO [http-nio-8080-exec-94] org.apache.catalina.core.ApplicationContext.log Manager: install: Installing context configuration at 'file:/C:/Users/yohn/AppData/Local/Temp/context15250882838586980274.xml'
02-Aug-2024 20:48:19.599 INFO [http-nio-8080-exec-97] org.apache.catalina.core.ApplicationContext.log Manager: start: Starting web application '/CrudMySQL'
02-Aug-2024 20:49:34.181 INFO [http-nio-8080-exec-111] org.apache.catalina.core.ApplicationContext.log Manager: list: Listing contexts for virtual host 'localhost'
02-Aug-2024 20:49:34.183 INFO [http-nio-8080-exec-113] org.apache.catalina.core.ApplicationContext.log Manager: list: Listing contexts for virtual host 'localhost'
02-Aug-2024 20:49:34.189 INFO [http-nio-8080-exec-112] org.apache.catalina.core.ApplicationContext.log Manager: undeploy: Undeploying web application at '/CrudMySQL'
02-Aug-2024 20:49:34.720 INFO [http-nio-8080-exec-107] org.apache.catalina.core.ApplicationContext.log Manager: install: Installing context configuration at 'file:/C:/Users/yohn/AppData/Local/Temp/context12176166284155332590.xml'
02-Aug-2024 20:49:35.244 INFO [http-nio-8080-exec-106] org.apache.catalina.core.ApplicationContext.log Manager: start: Starting web application '/CrudMySQL'
02-Aug-2024 20:55:21.331 INFO [http-nio-8080-exec-116] org.apache.catalina.core.ApplicationContext.log Manager: list: Listing contexts for virtual host 'localhost'
02-Aug-2024 20:55:21.333 INFO [http-nio-8080-exec-118] org.apache.catalina.core.ApplicationContext.log Manager: list: Listing contexts for virtual host 'localhost'
02-Aug-2024 20:55:21.343 INFO [http-nio-8080-exec-119] org.apache.catalina.core.ApplicationContext.log Manager: undeploy: Undeploying web application at '/CrudMySQL'
02-Aug-2024 20:55:21.887 INFO [http-nio-8080-exec-116] org.apache.catalina.core.ApplicationContext.log Manager: install: Installing context configuration at 'file:/C:/Users/yohn/AppData/Local/Temp/context9380606287662515710.xml'
02-Aug-2024 20:55:22.460 INFO [http-nio-8080-exec-118] org.apache.catalina.core.ApplicationContext.log Manager: start: Starting web application '/CrudMySQL'
02-Aug-2024 20:56:15.761 INFO [http-nio-8080-exec-120] org.apache.catalina.core.ApplicationContext.log Manager: list: Listing contexts for virtual host 'localhost'
02-Aug-2024 20:56:15.763 INFO [http-nio-8080-exec-126] org.apache.catalina.core.ApplicationContext.log Manager: list: Listing contexts for virtual host 'localhost'
02-Aug-2024 20:56:15.769 INFO [http-nio-8080-exec-114] org.apache.catalina.core.ApplicationContext.log Manager: undeploy: Undeploying web application at '/CrudMySQL'
02-Aug-2024 20:56:16.308 INFO [http-nio-8080-exec-122] org.apache.catalina.core.ApplicationContext.log Manager: install: Installing context configuration at 'file:/C:/Users/yohn/AppData/Local/Temp/context2341260392544407948.xml'
02-Aug-2024 20:56:16.822 INFO [http-nio-8080-exec-120] org.apache.catalina.core.ApplicationContext.log Manager: start: Starting web application '/CrudMySQL'
02-Aug-2024 21:04:30.234 INFO [http-nio-8080-exec-136] org.apache.catalina.core.ApplicationContext.log Manager: list: Listing contexts for virtual host 'localhost'
02-Aug-2024 21:04:30.236 INFO [http-nio-8080-exec-137] org.apache.catalina.core.ApplicationContext.log Manager: list: Listing contexts for virtual host 'localhost'
02-Aug-2024 21:04:30.242 INFO [http-nio-8080-exec-138] org.apache.catalina.core.ApplicationContext.log Manager: undeploy: Undeploying web application at '/CrudMySQL'
02-Aug-2024 21:04:30.806 INFO [http-nio-8080-exec-130] org.apache.catalina.core.ApplicationContext.log Manager: install: Installing context configuration at 'file:/C:/Users/yohn/AppData/Local/Temp/context15484652786799447316.xml'
02-Aug-2024 21:04:31.330 INFO [http-nio-8080-exec-132] org.apache.catalina.core.ApplicationContext.log Manager: start: Starting web application '/CrudMySQL'
02-Aug-2024 21:06:30.267 INFO [http-nio-8080-exec-140] org.apache.catalina.core.ApplicationContext.log Manager: list: Listing contexts for virtual host 'localhost'
02-Aug-2024 21:06:30.269 INFO [http-nio-8080-exec-141] org.apache.catalina.core.ApplicationContext.log Manager: list: Listing contexts for virtual host 'localhost'
02-Aug-2024 21:06:30.275 INFO [http-nio-8080-exec-147] org.apache.catalina.core.ApplicationContext.log Manager: undeploy: Undeploying web application at '/CrudMySQL'
02-Aug-2024 21:06:30.815 INFO [http-nio-8080-exec-142] org.apache.catalina.core.ApplicationContext.log Manager: install: Installing context configuration at 'file:/C:/Users/yohn/AppData/Local/Temp/context1640685441274609553.xml'
02-Aug-2024 21:06:31.385 INFO [http-nio-8080-exec-140] org.apache.catalina.core.ApplicationContext.log Manager: start: Starting web application '/CrudMySQL'
02-Aug-2024 21:07:45.658 INFO [http-nio-8080-exec-153] org.apache.catalina.core.ApplicationContext.log Manager: list: Listing contexts for virtual host 'localhost'
02-Aug-2024 21:07:45.660 INFO [http-nio-8080-exec-139] org.apache.catalina.core.ApplicationContext.log Manager: list: Listing contexts for virtual host 'localhost'
02-Aug-2024 21:07:45.666 INFO [http-nio-8080-exec-147] org.apache.catalina.core.ApplicationContext.log Manager: undeploy: Undeploying web application at '/CrudMySQL'
02-Aug-2024 21:07:46.222 INFO [http-nio-8080-exec-139] org.apache.catalina.core.ApplicationContext.log Manager: install: Installing context configuration at 'file:/C:/Users/yohn/AppData/Local/Temp/context17209000682318272953.xml'
02-Aug-2024 21:07:46.734 INFO [http-nio-8080-exec-152] org.apache.catalina.core.ApplicationContext.log Manager: start: Starting web application '/CrudMySQL'
02-Aug-2024 21:09:23.242 INFO [http-nio-8080-exec-159] org.apache.catalina.core.ApplicationContext.log Manager: list: Listing contexts for virtual host 'localhost'
02-Aug-2024 21:09:23.244 INFO [http-nio-8080-exec-143] org.apache.catalina.core.ApplicationContext.log Manager: list: Listing contexts for virtual host 'localhost'
02-Aug-2024 21:09:23.250 INFO [http-nio-8080-exec-154] org.apache.catalina.core.ApplicationContext.log Manager: undeploy: Undeploying web application at '/CrudMySQL'
02-Aug-2024 21:09:23.791 INFO [http-nio-8080-exec-143] org.apache.catalina.core.ApplicationContext.log Manager: install: Installing context configuration at 'file:/C:/Users/yohn/AppData/Local/Temp/context11902785309813825126.xml'
02-Aug-2024 21:09:24.321 INFO [http-nio-8080-exec-147] org.apache.catalina.core.ApplicationContext.log Manager: start: Starting web application '/CrudMySQL'
02-Aug-2024 21:13:24.856 INFO [http-nio-8080-exec-169] org.apache.catalina.core.ApplicationContext.log Manager: list: Listing contexts for virtual host 'localhost'
02-Aug-2024 21:13:24.857 INFO [http-nio-8080-exec-170] org.apache.catalina.core.ApplicationContext.log Manager: list: Listing contexts for virtual host 'localhost'
02-Aug-2024 21:13:24.863 INFO [http-nio-8080-exec-171] org.apache.catalina.core.ApplicationContext.log Manager: undeploy: Undeploying web application at '/CrudMySQL'
02-Aug-2024 21:13:25.404 INFO [http-nio-8080-exec-163] org.apache.catalina.core.ApplicationContext.log Manager: install: Installing context configuration at 'file:/C:/Users/yohn/AppData/Local/Temp/context13364434258889639646.xml'
02-Aug-2024 21:13:25.922 INFO [http-nio-8080-exec-169] org.apache.catalina.core.ApplicationContext.log Manager: start: Starting web application '/CrudMySQL'
02-Aug-2024 21:13:31.829 INFO [http-nio-8080-exec-164] org.apache.catalina.core.ApplicationContext.log Manager: list: Listing contexts for virtual host 'localhost'
02-Aug-2024 21:13:31.838 INFO [http-nio-8080-exec-173] org.apache.catalina.core.ApplicationContext.log Manager: list: Listing contexts for virtual host 'localhost'
02-Aug-2024 21:13:31.845 INFO [http-nio-8080-exec-163] org.apache.catalina.core.ApplicationContext.log Manager: undeploy: Undeploying web application at '/CrudMySQL'
02-Aug-2024 21:13:32.384 INFO [http-nio-8080-exec-167] org.apache.catalina.core.ApplicationContext.log Manager: install: Installing context configuration at 'file:/C:/Users/yohn/AppData/Local/Temp/context5012013851865058923.xml'
02-Aug-2024 21:13:32.895 INFO [http-nio-8080-exec-174] org.apache.catalina.core.ApplicationContext.log Manager: start: Starting web application '/CrudMySQL'
02-Aug-2024 21:15:15.557 INFO [http-nio-8080-exec-166] org.apache.catalina.core.ApplicationContext.log Manager: list: Listing contexts for virtual host 'localhost'
02-Aug-2024 21:15:15.559 INFO [http-nio-8080-exec-173] org.apache.catalina.core.ApplicationContext.log Manager: list: Listing contexts for virtual host 'localhost'
02-Aug-2024 21:15:15.565 INFO [http-nio-8080-exec-177] org.apache.catalina.core.ApplicationContext.log Manager: undeploy: Undeploying web application at '/CrudMySQL'
02-Aug-2024 21:15:16.094 INFO [http-nio-8080-exec-168] org.apache.catalina.core.ApplicationContext.log Manager: install: Installing context configuration at 'file:/C:/Users/yohn/AppData/Local/Temp/context12160847680620549098.xml'
02-Aug-2024 21:15:16.594 INFO [http-nio-8080-exec-173] org.apache.catalina.core.ApplicationContext.log Manager: start: Starting web application '/CrudMySQL'
02-Aug-2024 21:22:38.250 INFO [http-nio-8080-exec-180] org.apache.catalina.core.ApplicationContext.log Manager: list: Listing contexts for virtual host 'localhost'
02-Aug-2024 21:22:38.253 INFO [http-nio-8080-exec-186] org.apache.catalina.core.ApplicationContext.log Manager: list: Listing contexts for virtual host 'localhost'
02-Aug-2024 21:22:38.259 INFO [http-nio-8080-exec-187] org.apache.catalina.core.ApplicationContext.log Manager: undeploy: Undeploying web application at '/CrudMySQL'
02-Aug-2024 21:22:38.806 INFO [http-nio-8080-exec-189] org.apache.catalina.core.ApplicationContext.log Manager: install: Installing context configuration at 'file:/C:/Users/yohn/AppData/Local/Temp/context12195462258804197182.xml'
02-Aug-2024 21:22:39.314 INFO [http-nio-8080-exec-185] org.apache.catalina.core.ApplicationContext.log Manager: start: Starting web application '/CrudMySQL'
02-Aug-2024 21:23:53.300 INFO [http-nio-8080-exec-198] org.apache.catalina.core.ApplicationContext.log Manager: list: Listing contexts for virtual host 'localhost'
02-Aug-2024 21:23:53.302 INFO [http-nio-8080-exec-195] org.apache.catalina.core.ApplicationContext.log Manager: list: Listing contexts for virtual host 'localhost'
02-Aug-2024 21:23:53.309 INFO [http-nio-8080-exec-196] org.apache.catalina.core.ApplicationContext.log Manager: undeploy: Undeploying web application at '/CrudMySQL'
02-Aug-2024 21:23:53.845 INFO [http-nio-8080-exec-194] org.apache.catalina.core.ApplicationContext.log Manager: install: Installing context configuration at 'file:/C:/Users/yohn/AppData/Local/Temp/context8377817485605071869.xml'
02-Aug-2024 21:23:54.339 INFO [http-nio-8080-exec-190] org.apache.catalina.core.ApplicationContext.log Manager: start: Starting web application '/CrudMySQL'
02-Aug-2024 21:26:33.683 INFO [http-nio-8080-exec-205] org.apache.catalina.core.ApplicationContext.log Manager: list: Listing contexts for virtual host 'localhost'
02-Aug-2024 21:26:33.686 INFO [http-nio-8080-exec-206] org.apache.catalina.core.ApplicationContext.log Manager: list: Listing contexts for virtual host 'localhost'
02-Aug-2024 21:26:33.705 INFO [http-nio-8080-exec-207] org.apache.catalina.core.ApplicationContext.log Manager: undeploy: Undeploying web application at '/CrudMySQL'
02-Aug-2024 21:26:34.250 INFO [http-nio-8080-exec-208] org.apache.catalina.core.ApplicationContext.log Manager: install: Installing context configuration at 'file:/C:/Users/yohn/AppData/Local/Temp/context14885728243575651772.xml'
02-Aug-2024 21:26:34.762 INFO [http-nio-8080-exec-199] org.apache.catalina.core.ApplicationContext.log Manager: start: Starting web application '/CrudMySQL'
02-Aug-2024 21:27:36.738 INFO [http-nio-8080-exec-215] org.apache.catalina.core.ApplicationContext.log Manager: list: Listing contexts for virtual host 'localhost'
02-Aug-2024 21:27:36.739 INFO [http-nio-8080-exec-217] org.apache.catalina.core.ApplicationContext.log Manager: list: Listing contexts for virtual host 'localhost'
02-Aug-2024 21:27:36.744 INFO [http-nio-8080-exec-208] org.apache.catalina.core.ApplicationContext.log Manager: undeploy: Undeploying web application at '/CrudMySQL'
02-Aug-2024 21:27:37.289 INFO [http-nio-8080-exec-212] org.apache.catalina.core.ApplicationContext.log Manager: install: Installing context configuration at 'file:/C:/Users/yohn/AppData/Local/Temp/context15791768954789035102.xml'
02-Aug-2024 21:27:37.830 INFO [http-nio-8080-exec-215] org.apache.catalina.core.ApplicationContext.log Manager: start: Starting web application '/CrudMySQL'
02-Aug-2024 21:32:05.115 INFO [http-nio-8080-exec-224] org.apache.catalina.core.ApplicationContext.log Manager: list: Listing contexts for virtual host 'localhost'
02-Aug-2024 21:32:05.116 INFO [http-nio-8080-exec-225] org.apache.catalina.core.ApplicationContext.log Manager: list: Listing contexts for virtual host 'localhost'
02-Aug-2024 21:32:05.121 INFO [http-nio-8080-exec-226] org.apache.catalina.core.ApplicationContext.log Manager: undeploy: Undeploying web application at '/CrudMySQL'
02-Aug-2024 21:32:05.672 INFO [http-nio-8080-exec-221] org.apache.catalina.core.ApplicationContext.log Manager: install: Installing context configuration at 'file:/C:/Users/yohn/AppData/Local/Temp/context18384660475631775828.xml'
02-Aug-2024 21:32:06.180 INFO [http-nio-8080-exec-222] org.apache.catalina.core.ApplicationContext.log Manager: start: Starting web application '/CrudMySQL'
02-Aug-2024 21:36:57.948 INFO [http-nio-8080-exec-231] org.apache.catalina.core.ApplicationContext.log Manager: list: Listing contexts for virtual host 'localhost'
02-Aug-2024 21:36:57.950 INFO [http-nio-8080-exec-232] org.apache.catalina.core.ApplicationContext.log Manager: list: Listing contexts for virtual host 'localhost'
02-Aug-2024 21:36:57.956 INFO [http-nio-8080-exec-233] org.apache.catalina.core.ApplicationContext.log Manager: undeploy: Undeploying web application at '/CrudMySQL'
02-Aug-2024 21:36:58.503 INFO [http-nio-8080-exec-231] org.apache.catalina.core.ApplicationContext.log Manager: install: Installing context configuration at 'file:/C:/Users/yohn/AppData/Local/Temp/context17998073854947202400.xml'
02-Aug-2024 21:36:59.034 INFO [http-nio-8080-exec-237] org.apache.catalina.core.ApplicationContext.log Manager: start: Starting web application '/CrudMySQL'
02-Aug-2024 21:38:50.645 INFO [http-nio-8080-exec-242] org.apache.catalina.core.ApplicationContext.log Manager: list: Listing contexts for virtual host 'localhost'
02-Aug-2024 21:38:50.647 INFO [http-nio-8080-exec-243] org.apache.catalina.core.ApplicationContext.log Manager: list: Listing contexts for virtual host 'localhost'
02-Aug-2024 21:38:50.652 INFO [http-nio-8080-exec-244] org.apache.catalina.core.ApplicationContext.log Manager: undeploy: Undeploying web application at '/CrudMySQL'
02-Aug-2024 21:38:51.189 INFO [http-nio-8080-exec-239] org.apache.catalina.core.ApplicationContext.log Manager: install: Installing context configuration at 'file:/C:/Users/yohn/AppData/Local/Temp/context14770089861612360900.xml'
02-Aug-2024 21:38:51.692 INFO [http-nio-8080-exec-238] org.apache.catalina.core.ApplicationContext.log Manager: start: Starting web application '/CrudMySQL'
02-Aug-2024 21:40:52.793 INFO [http-nio-8080-exec-254] org.apache.catalina.core.ApplicationContext.log Manager: list: Listing contexts for virtual host 'localhost'
02-Aug-2024 21:40:52.795 INFO [http-nio-8080-exec-256] org.apache.catalina.core.ApplicationContext.log Manager: list: Listing contexts for virtual host 'localhost'
02-Aug-2024 21:40:52.801 INFO [http-nio-8080-exec-255] org.apache.catalina.core.ApplicationContext.log Manager: undeploy: Undeploying web application at '/CrudMySQL'
02-Aug-2024 21:40:53.341 INFO [http-nio-8080-exec-249] org.apache.catalina.core.ApplicationContext.log Manager: install: Installing context configuration at 'file:/C:/Users/yohn/AppData/Local/Temp/context539828114279936495.xml'
02-Aug-2024 21:40:53.870 INFO [http-nio-8080-exec-244] org.apache.catalina.core.ApplicationContext.log Manager: start: Starting web application '/CrudMySQL'
02-Aug-2024 21:50:13.660 INFO [http-nio-8080-exec-263] org.apache.catalina.core.ApplicationContext.log Manager: list: Listing contexts for virtual host 'localhost'
02-Aug-2024 21:50:13.663 INFO [http-nio-8080-exec-264] org.apache.catalina.core.ApplicationContext.log Manager: list: Listing contexts for virtual host 'localhost'
02-Aug-2024 21:50:13.668 INFO [http-nio-8080-exec-257] org.apache.catalina.core.ApplicationContext.log Manager: undeploy: Undeploying web application at '/CrudMySQL'
02-Aug-2024 21:50:14.206 INFO [http-nio-8080-exec-266] org.apache.catalina.core.ApplicationContext.log Manager: install: Installing context configuration at 'file:/C:/Users/yohn/AppData/Local/Temp/context13483365697050758850.xml'
02-Aug-2024 21:50:14.760 INFO [http-nio-8080-exec-258] org.apache.catalina.core.ApplicationContext.log Manager: start: Starting web application '/CrudMySQL'
02-Aug-2024 21:55:15.825 INFO [http-nio-8080-exec-268] org.apache.catalina.core.ApplicationContext.log Manager: list: Listing contexts for virtual host 'localhost'
02-Aug-2024 21:55:15.827 INFO [http-nio-8080-exec-276] org.apache.catalina.core.ApplicationContext.log Manager: list: Listing contexts for virtual host 'localhost'
02-Aug-2024 21:55:15.832 INFO [http-nio-8080-exec-270] org.apache.catalina.core.ApplicationContext.log Manager: undeploy: Undeploying web application at '/CrudMySQL'
02-Aug-2024 21:55:16.368 INFO [http-nio-8080-exec-274] org.apache.catalina.core.ApplicationContext.log Manager: install: Installing context configuration at 'file:/C:/Users/yohn/AppData/Local/Temp/context4744842724390561523.xml'
02-Aug-2024 21:55:16.913 INFO [http-nio-8080-exec-276] org.apache.catalina.core.ApplicationContext.log Manager: start: Starting web application '/CrudMySQL'
